 ################################################################### 
 # WARNING: this module is deprecated.                             # 
 # Please use CondCore.CondDB.CondDB_cfi.py                        # 
 ################################################################### 
L1TRawToDigi Sequence configured for Stage-2 (2016) trigger. 
L1TReco Sequence configured for Stage-2 (2016) trigger. 
# Conditions read from  CMS_CONDITIONS  via FrontierProd 
DEBUG 2017-05-11 14:50:15,476: 	 Executing command: 'submit'
DEBUG 2017-05-11 14:50:15,476: 	 Found CRAB cache file /afs/cern.ch/user/a/aevans/.crab3
DEBUG 2017-05-11 14:50:15,505: 	 Checking credentials
DEBUG 2017-05-11 14:50:15,505: 	 Found proxy file /tmp/x509up_u70979
DEBUG 2017-05-11 14:50:15,505: 	 Getting proxy life time left
DEBUG 2017-05-11 14:50:17,050: 	 Executing : 
 command : voms-proxy-info -file /tmp/x509up_u70979 -timeleft
 output : 85402

 error: 
 retcode : 0
DEBUG 2017-05-11 14:50:17,880: 	 Executing : 
 command : voms-proxy-info -file /tmp/x509up_u70979 -actimeleft
 output : 85400

 error: 
 retcode : 0
DEBUG 2017-05-11 14:50:17,880: 	 Proxy valid for 23:43:22 hours
INFO 2017-05-11 14:50:17,880: 	 Will use CRAB configuration file crabConfig_WR_M-4000_ToLNu_M-1333_RECO_MuMuJJ.py
DEBUG 2017-05-11 14:50:17,880: 	 Loading CRAB configuration file.
DEBUG 2017-05-11 14:50:17,898: 	 Will use CRAB Analysis plugin (i.e. will run an analysis job type).
DEBUG 2017-05-11 14:50:18,176: 	 Executing : 
 command : openssl x509 -in ~/.globus/usercert.pem -subject -noout
 output : subject= /DC=ch/DC=cern/OU=Organic Units/OU=Users/CN=aevans/CN=759769/CN=Andrew Christopher Evans

 error: 
 retcode : 0
DEBUG 2017-05-11 14:50:18,176: 	 Checking credentials
DEBUG 2017-05-11 14:50:18,176: 	 Found proxy file /tmp/x509up_u70979
DEBUG 2017-05-11 14:50:18,176: 	 Getting proxy life time left
DEBUG 2017-05-11 14:50:19,305: 	 Executing : 
 command : voms-proxy-info -file /tmp/x509up_u70979 -timeleft
 output : 85399

 error: 
 retcode : 0
DEBUG 2017-05-11 14:50:20,750: 	 Executing : 
 command : voms-proxy-info -file /tmp/x509up_u70979 -actimeleft
 output : 85397

 error: 
 retcode : 0
DEBUG 2017-05-11 14:50:20,751: 	 Proxy valid for 23:43:19 hours
DEBUG 2017-05-11 14:50:21,775: 	 Executing : 
 command : env X509_USER_PROXY=/tmp/x509up_u70979 voms-proxy-info -fqan
 output : /cms/Role=NULL/Capability=NULL
/cms/uscms/Role=NULL/Capability=NULL

 error: 
 retcode : 0
DEBUG 2017-05-11 14:50:22,156: 	 Registering user credentials for server /DC=ch/DC=cern/OU=computers/CN=vocms(045|052|021|031|0118|0118a|0119|0108|0105|0109).cern.ch
DEBUG 2017-05-11 14:50:22,382: 	 Executing : 
 command : openssl x509 -in ~/.globus/usercert.pem -subject -noout
 output : subject= /DC=ch/DC=cern/OU=Organic Units/OU=Users/CN=aevans/CN=759769/CN=Andrew Christopher Evans

 error: 
 retcode : 0
DEBUG 2017-05-11 14:50:22,383: 	 Getting myproxy life time left for myproxy.cern.ch
DEBUG 2017-05-11 14:50:22,383: 	 Calculating hash of /DC=ch/DC=cern/OU=Organic Units/OU=Users/CN=aevans/CN=759769/CN=Andrew Christopher Evans_cmsweb.cern.ch for credential name
DEBUG 2017-05-11 14:50:22,895: 	 Executing : 
 command : myproxy-info -l 6e8b596a0ecb88668ea3603b5574bc53bcfde64c -s myproxy.cern.ch
 output : username: 6e8b596a0ecb88668ea3603b5574bc53bcfde64c
owner: /DC=ch/DC=cern/OU=Organic Units/OU=Users/CN=aevans/CN=759769/CN=Andrew Christopher Evans
  renewal policy: /DC=ch/DC=cern/OU=computers/CN=vocms(045|052|021|031|0118|0118a|0119|0108|0105|0109).cern.ch
  trusted retrieval policy: /DC=ch/DC=cern/OU=computers/CN=vocms(045|052|021|031|0118|0118a|0119|0108|0105|0109).cern.ch
  timeleft: 717:41:31  (29.9 days)

 error: 
 retcode : 0
DEBUG 2017-05-11 14:50:22,897: 	 Myproxy is valid: 2583691
DEBUG 2017-05-11 14:50:22,897: 	 Command use: submit
DEBUG 2017-05-11 14:50:22,897: 	 Options use: ['-c', 'crabConfig_WR_M-4000_ToLNu_M-1333_RECO_MuMuJJ.py']
DEBUG 2017-05-11 14:50:23,259: 	 CRABClient version: 3.3.1705.patch3
DEBUG 2017-05-11 14:50:23,263: 	 Instance is prod
DEBUG 2017-05-11 14:50:23,263: 	 Server base url is cmsweb.cern.ch
DEBUG 2017-05-11 14:50:23,263: 	 Command url /crabserver/prod/workflow
DEBUG 2017-05-11 14:50:23,263: 	 Started submission
DEBUG 2017-05-11 14:50:23,263: 	 Working on /afs/cern.ch/user/a/aevans/public/wr/CMSSW_8_0_24_patch1/src/ExoAnalysis/cmsWRextension/scripts/forRecoStep/crab_projects/crab_WR_M-4000_ToLNu_M-1333_RECO_MuMuJJ
DEBUG 2017-05-11 14:50:23,751: 	 Loading required information from the environment
DEBUG 2017-05-11 14:50:23,751: 	 Found CMSSW_8_0_24_patch1 for slc6_amd64_gcc530 with base /afs/cern.ch/user/a/aevans/public/wr/CMSSW_8_0_24_patch1
DEBUG 2017-05-11 14:50:23,751: 	 Loading required information from the environment
DEBUG 2017-05-11 14:50:23,751: 	 Found CMSSW_8_0_24_patch1 for slc6_amd64_gcc530 with base /afs/cern.ch/user/a/aevans/public/wr/CMSSW_8_0_24_patch1
DEBUG 2017-05-11 14:50:23,786: 	 UNIQUE NAME: tarUUID bd5f0ec4-d7b5-436a-818f-d073317f98a8 
DEBUG 2017-05-11 14:50:23,787: 	 self.config: from WMCore.Configuration import Configuration
config = Configuration()
config.section_('General')
config.General.transferLogs = True
config.General.transferOutputs = True
config.General.workArea = 'crab_projects'
config.General.requestName = 'WR_M-4000_ToLNu_M-1333_RECO_MuMuJJ'
config.section_('JobType')
config.JobType.psetName = 'WR_M-4000_ToLNu_M-1333_RECO_MuMuJJ.py'
config.JobType.pluginName = 'Analysis'
config.section_('Data')
config.Data.inputDataset = '/WRToMuMuJJ_MW-4000_MNu-1333_TuneCUETP8M1_13TeV-pythia8/gnegro-RunIIWinter16_80X_GEN-SIM-60196d25a929b65822cbc558e3b0efe7/USER'
config.Data.outputDatasetTag = 'RunIIWinter16_80X_mcRun2_asymptotic_2016_miniAODv2_v1_AODSIM'
config.Data.publication = True
config.Data.unitsPerJob = 1
config.Data.ignoreLocality = True
config.Data.inputDBS = 'phys03'
config.Data.splitting = 'FileBased'
config.Data.outLFNDirBase = '/store/user/aevans/'
config.Data.totalUnits = -1
config.section_('Site')
config.Site.blacklist = ['T3_US_UCR', 'T2_US_Vanderbilt', 'T2_EE_Estonia', 'T3_US_UMiss']
config.Site.storageSite = 'T2_CH_CERN'
config.section_('User')
config.section_('Debug')

DEBUG 2017-05-11 14:50:23,787: 	 self.config.JobType.psetName: WR_M-4000_ToLNu_M-1333_RECO_MuMuJJ.py
INFO 2017-05-11 14:50:23,787: 	 Importing CMSSW configuration WR_M-4000_ToLNu_M-1333_RECO_MuMuJJ.py
INFO 2017-05-11 14:50:43,940: 	 Finished importing CMSSW configuration WR_M-4000_ToLNu_M-1333_RECO_MuMuJJ.py
DEBUG 2017-05-11 14:50:43,941: 	 Writing CMSSW configuration to /afs/cern.ch/user/a/aevans/public/wr/CMSSW_8_0_24_patch1/src/ExoAnalysis/cmsWRextension/scripts/forRecoStep/crab_projects/crab_WR_M-4000_ToLNu_M-1333_RECO_MuMuJJ/inputs/PSet.py
DEBUG 2017-05-11 14:50:47,318: 	 The following EDM output files will be collected: ['WR_M-4000_ToLNu_M-1333_AODSIM_13TeV-2016.root']
DEBUG 2017-05-11 14:50:47,318: 	 The following TFile output files will be collected: []
DEBUG 2017-05-11 14:50:47,318: 	 The following user output files will be collected: []
DEBUG 2017-05-11 14:50:47,318: 	 Loading required information from the environment
DEBUG 2017-05-11 14:50:47,318: 	 Found CMSSW_8_0_24_patch1 for slc6_amd64_gcc530 with base /afs/cern.ch/user/a/aevans/public/wr/CMSSW_8_0_24_patch1
DEBUG 2017-05-11 14:50:47,318: 	 Making tarball in /afs/cern.ch/user/a/aevans/public/wr/CMSSW_8_0_24_patch1/src/ExoAnalysis/cmsWRextension/scripts/forRecoStep/crab_projects/crab_WR_M-4000_ToLNu_M-1333_RECO_MuMuJJ/inputs/bd5f0ec4-d7b5-436a-818f-d073317f98a8default.tgz
DEBUG 2017-05-11 14:50:47,918: 	 Checking directory /afs/cern.ch/user/a/aevans/public/wr/CMSSW_8_0_24_patch1/lib
DEBUG 2017-05-11 14:50:47,919: 	 Adding directory /afs/cern.ch/user/a/aevans/public/wr/CMSSW_8_0_24_patch1/lib to tarball
DEBUG 2017-05-11 14:50:47,997: 	 Checking directory /afs/cern.ch/user/a/aevans/public/wr/CMSSW_8_0_24_patch1/biglib
DEBUG 2017-05-11 14:50:47,997: 	 Adding directory /afs/cern.ch/user/a/aevans/public/wr/CMSSW_8_0_24_patch1/biglib to tarball
DEBUG 2017-05-11 14:50:47,998: 	 Checking directory /afs/cern.ch/user/a/aevans/public/wr/CMSSW_8_0_24_patch1/module
DEBUG 2017-05-11 14:50:48,008: 	 Adding data directory /afs/cern.ch/user/a/aevans/public/wr/CMSSW_8_0_24_patch1/src/ExoAnalysis/cmsWR/data to tarball
DEBUG 2017-05-11 14:50:49,196: 	 Adding data directory /afs/cern.ch/user/a/aevans/public/wr/CMSSW_8_0_24_patch1/src/ExoAnalysis/cmsWR/interface to tarball
DEBUG 2017-05-11 14:50:50,103: 	 Uploading archive /afs/cern.ch/user/a/aevans/public/wr/CMSSW_8_0_24_patch1/src/ExoAnalysis/cmsWRextension/scripts/forRecoStep/crab_projects/crab_WR_M-4000_ToLNu_M-1333_RECO_MuMuJJ/inputs/bd5f0ec4-d7b5-436a-818f-d073317f98a8default.tgz (2.912109.1 MB) to the CRAB cache. Using URI https://cmsweb.cern.ch/crabcache
DEBUG 2017-05-11 14:51:51,135: 	 Loading required information from the environment
DEBUG 2017-05-11 14:51:51,135: 	 Found CMSSW_8_0_24_patch1 for slc6_amd64_gcc530 with base /afs/cern.ch/user/a/aevans/public/wr/CMSSW_8_0_24_patch1
DEBUG 2017-05-11 14:51:51,135: 	 Making tarball in /afs/cern.ch/user/a/aevans/public/wr/CMSSW_8_0_24_patch1/src/ExoAnalysis/cmsWRextension/scripts/forRecoStep/crab_projects/crab_WR_M-4000_ToLNu_M-1333_RECO_MuMuJJ/inputs/debugFiles.tgz
DEBUG 2017-05-11 14:51:51,142: 	 Uploading archive /afs/cern.ch/user/a/aevans/public/wr/CMSSW_8_0_24_patch1/src/ExoAnalysis/cmsWRextension/scripts/forRecoStep/crab_projects/crab_WR_M-4000_ToLNu_M-1333_RECO_MuMuJJ/inputs/debugFiles.tgz (1 KB) to the CRAB cache. Using URI https://cmsweb.cern.ch/crabcache
DEBUG 2017-05-11 14:51:51,605: 	 Result uploading input files: 615b568d08b3410cbbdea40fefb08ade790a1a207ac7a6daeba206080b059ee0.tar.gz 
INFO 2017-05-11 14:51:51,607: 	 Sending the request to the server
DEBUG 2017-05-11 14:51:51,607: 	 Submitting {'maxjobruntime': 1250, 'extrajdl': [], 'ignorelocality': 1, 'savelogsflag': 1, 'useparent': 0, 'asyncdest': 'T2_CH_CERN', 'algoargs': 1, 'cachefilename': '615b568d08b3410cbbdea40fefb08ade790a1a207ac7a6daeba206080b059ee0.tar.gz', 'numcores': 1, 'addoutputfiles': [], 'generator': 'pythia', 'maxmemory': 2000, 'publishdbsurl': 'https://cmsweb.cern.ch/dbs/prod/phys03/DBSWriter', 'priority': 10, 'jobsw': 'CMSSW_8_0_24_patch1', 'edmoutfiles': ['WR_M-4000_ToLNu_M-1333_AODSIM_13TeV-2016.root'], 'userfiles': [], 'primarydataset': '', 'inputdata': '/WRToMuMuJJ_MW-4000_MNu-1333_TuneCUETP8M1_13TeV-pythia8/gnegro-RunIIWinter16_80X_GEN-SIM-60196d25a929b65822cbc558e3b0efe7/USER', 'lfn': '/store/user/aevans/', 'dryrun': 0, 'workflow': 'crab_WR_M-4000_ToLNu_M-1333_RECO_MuMuJJ', 'cacheurl': u'https://cmsweb.cern.ch/crabcache', 'nonprodsw': 0, 'tfileoutfiles': [], 'oneEventMode': 0, 'debugfilename': '5d73afe849eac7c6931d40fbb75cda74c4fa50a4fbaef17164669061efcb553f.tar.gz', 'saveoutput': 1, 'publication': 1, 'jobarch': 'slc6_amd64_gcc530', 'totalunits': -1, 'splitalgo': 'FileBased', 'ignoreglobalblacklist': 0, 'nonvaliddata': 0, 'dbsurl': 'https://cmsweb.cern.ch/dbs/prod/phys03/DBSReader', 'publishgroupname': 0, 'jobtype': 'Analysis', 'siteblacklist': ['T3_US_UCR', 'T2_US_Vanderbilt', 'T2_EE_Estonia', 'T3_US_UMiss'], 'publishname2': 'RunIIWinter16_80X_mcRun2_asymptotic_2016_miniAODv2_v1_AODSIM'} 
DEBUG 2017-05-11 14:51:51,608: 	 Encoded submit request: maxjobruntime=1250&ignorelocality=1&savelogsflag=1&useparent=0&asyncdest=T2_CH_CERN&algoargs=1&cachefilename=615b568d08b3410cbbdea40fefb08ade790a1a207ac7a6daeba206080b059ee0.tar.gz&numcores=1&generator=pythia&maxmemory=2000&publishdbsurl=https%3A%2F%2Fcmsweb.cern.ch%2Fdbs%2Fprod%2Fphys03%2FDBSWriter&priority=10&jobsw=CMSSW_8_0_24_patch1&primarydataset=&inputdata=%2FWRToMuMuJJ_MW-4000_MNu-1333_TuneCUETP8M1_13TeV-pythia8%2Fgnegro-RunIIWinter16_80X_GEN-SIM-60196d25a929b65822cbc558e3b0efe7%2FUSER&lfn=%2Fstore%2Fuser%2Faevans%2F&dryrun=0&workflow=crab_WR_M-4000_ToLNu_M-1333_RECO_MuMuJJ&cacheurl=https%3A%2F%2Fcmsweb.cern.ch%2Fcrabcache&nonprodsw=0&oneEventMode=0&debugfilename=5d73afe849eac7c6931d40fbb75cda74c4fa50a4fbaef17164669061efcb553f.tar.gz&saveoutput=1&publication=1&jobarch=slc6_amd64_gcc530&totalunits=-1&splitalgo=FileBased&ignoreglobalblacklist=0&nonvaliddata=0&dbsurl=https%3A%2F%2Fcmsweb.cern.ch%2Fdbs%2Fprod%2Fphys03%2FDBSReader&publishgroupname=0&jobtype=Analysis&publishname2=RunIIWinter16_80X_mcRun2_asymptotic_2016_miniAODv2_v1_AODSIM&siteblacklist=T3_US_UCR&siteblacklist=T2_US_Vanderbilt&siteblacklist=T2_EE_Estonia&siteblacklist=T3_US_UMiss&edmoutfiles=WR_M-4000_ToLNu_M-1333_AODSIM_13TeV-2016.root
DEBUG 2017-05-11 14:51:52,350: 	 Result: {u'result': [{u'RequestName': u'170511_125151:aevans_crab_WR_M-4000_ToLNu_M-1333_RECO_MuMuJJ'}]}
INFO 2017-05-11 14:51:52,355: 	 Success: Your task has been delivered to the CRAB3 server.
INFO 2017-05-11 14:51:52,355: 	 Task name: 170511_125151:aevans_crab_WR_M-4000_ToLNu_M-1333_RECO_MuMuJJ
INFO 2017-05-11 14:51:52,356: 	 Please use 'crab status' to check how the submission process proceeds.
DEBUG 2017-05-11 14:51:52,356: 	 About to return
INFO 2017-05-11 14:51:52,360: 	 Log file is /afs/cern.ch/user/a/aevans/public/wr/CMSSW_8_0_24_patch1/src/ExoAnalysis/cmsWRextension/scripts/forRecoStep/crab_projects/crab_WR_M-4000_ToLNu_M-1333_RECO_MuMuJJ/crab.log
