# Conditions read from  CMS_CONDITIONS  via FrontierProd 
DEBUG 2018-04-24 15:49:29,781: 	 Executing command: 'submit'
DEBUG 2018-04-24 15:49:29,781: 	 Found CRAB cache file /afs/cern.ch/user/a/aevans/.crab3
DEBUG 2018-04-24 15:49:29,788: 	 Checking credentials
DEBUG 2018-04-24 15:49:29,788: 	 Found proxy file /afs/cern.ch/work/a/aevans/public/proxyFile
DEBUG 2018-04-24 15:49:29,788: 	 Getting proxy life time left
DEBUG 2018-04-24 15:49:30,495: 	 Executing : 
 command : voms-proxy-info -file /afs/cern.ch/work/a/aevans/public/proxyFile -timeleft
 output : 690952

 error: 
 retcode : 0
DEBUG 2018-04-24 15:49:31,200: 	 Executing : 
 command : voms-proxy-info -file /afs/cern.ch/work/a/aevans/public/proxyFile -actimeleft
 output : 690951

 error: 
 retcode : 0
DEBUG 2018-04-24 15:49:31,200: 	 Proxy valid for 191:55:52 hours
INFO 2018-04-24 15:49:31,201: 	 Will use CRAB configuration file ./mass_WJetsToLNu_Pt-100To250_TuneCUETP8M1_13TeV-amcatnloFXFX-pythia8.py
DEBUG 2018-04-24 15:49:31,201: 	 Loading CRAB configuration file.
DEBUG 2018-04-24 15:49:31,206: 	 Will use CRAB Analysis plugin (i.e. will run an analysis job type).
DEBUG 2018-04-24 15:49:31,380: 	 Executing : 
 command : openssl x509 -in ~/.globus/usercert.pem -subject -noout
 output : subject= /DC=ch/DC=cern/OU=Organic Units/OU=Users/CN=aevans/CN=759769/CN=Andrew Christopher Evans

 error: 
 retcode : 0
DEBUG 2018-04-24 15:49:31,380: 	 Checking credentials
DEBUG 2018-04-24 15:49:31,381: 	 Found proxy file /afs/cern.ch/work/a/aevans/public/proxyFile
DEBUG 2018-04-24 15:49:31,381: 	 Getting proxy life time left
DEBUG 2018-04-24 15:49:32,088: 	 Executing : 
 command : voms-proxy-info -file /afs/cern.ch/work/a/aevans/public/proxyFile -timeleft
 output : 690951

 error: 
 retcode : 0
DEBUG 2018-04-24 15:49:32,694: 	 Executing : 
 command : voms-proxy-info -file /afs/cern.ch/work/a/aevans/public/proxyFile -actimeleft
 output : 690950

 error: 
 retcode : 0
DEBUG 2018-04-24 15:49:32,695: 	 Proxy valid for 191:55:51 hours
DEBUG 2018-04-24 15:49:34,003: 	 Executing : 
 command : env X509_USER_PROXY=/afs/cern.ch/work/a/aevans/public/proxyFile voms-proxy-info -fqan
 output : /cms/Role=NULL/Capability=NULL
/cms/uscms/Role=NULL/Capability=NULL

 error: 
 retcode : 0
DEBUG 2018-04-24 15:49:34,431: 	 Registering user credentials for server /DC=ch/DC=cern/OU=computers/CN=vocms(045|052|021|031|0118|0118a|0119|0108|0105|0109).cern.ch
DEBUG 2018-04-24 15:49:34,540: 	 Executing : 
 command : openssl x509 -in ~/.globus/usercert.pem -subject -noout
 output : subject= /DC=ch/DC=cern/OU=Organic Units/OU=Users/CN=aevans/CN=759769/CN=Andrew Christopher Evans

 error: 
 retcode : 0
DEBUG 2018-04-24 15:49:34,540: 	 Getting myproxy life time left for myproxy.cern.ch
DEBUG 2018-04-24 15:49:34,540: 	 Calculating hash of /DC=ch/DC=cern/OU=Organic Units/OU=Users/CN=aevans/CN=759769/CN=Andrew Christopher Evans_cmsweb.cern.ch for credential name
DEBUG 2018-04-24 15:49:34,844: 	 Executing : 
 command : myproxy-info -l 6e8b596a0ecb88668ea3603b5574bc53bcfde64c -s myproxy.cern.ch
 output : username: 6e8b596a0ecb88668ea3603b5574bc53bcfde64c
owner: /DC=ch/DC=cern/OU=Organic Units/OU=Users/CN=aevans/CN=759769/CN=Andrew Christopher Evans
  renewal policy: /DC=ch/DC=cern/OU=computers/CN=vocms(045|052|021|031|0118|0118a|0119|0108|0105|0109).cern.ch
  trusted retrieval policy: /DC=ch/DC=cern/OU=computers/CN=vocms(045|052|021|031|0118|0118a|0119|0108|0105|0109).cern.ch
  timeleft: 626:02:24  (26.1 days)

 error: 
 retcode : 0
DEBUG 2018-04-24 15:49:34,845: 	 Myproxy is valid: 2253744
DEBUG 2018-04-24 15:49:34,846: 	 Command use: submit
DEBUG 2018-04-24 15:49:34,846: 	 Options use: ['--config=./mass_WJetsToLNu_Pt-100To250_TuneCUETP8M1_13TeV-amcatnloFXFX-pythia8.py']
DEBUG 2018-04-24 15:49:35,235: 	 CRABClient version: 3.3.1804.patch1
DEBUG 2018-04-24 15:49:35,235: 	 Instance is prod
DEBUG 2018-04-24 15:49:35,235: 	 Server base url is cmsweb.cern.ch
DEBUG 2018-04-24 15:49:35,235: 	 Command url /crabserver/prod/workflow
DEBUG 2018-04-24 15:49:35,235: 	 Started submission
DEBUG 2018-04-24 15:49:35,235: 	 Working on /afs/cern.ch/user/a/aevans/public/wr/CMSSW_8_0_25/src/ExoAnalysis/cmsWRextensions/scripts/condor-umn/forAnalysisStep/crab_BoostedWRAnalysis_WJetsToLNu_Pt-100To250_TuneCUETP8M1_13TeV-amcatnloFXFX-pythia8
DEBUG 2018-04-24 15:49:35,633: 	 Loading required information from the environment
DEBUG 2018-04-24 15:49:35,633: 	 Found CMSSW_8_0_25 for slc6_amd64_gcc530 with base /afs/cern.ch/user/a/aevans/public/wr/CMSSW_8_0_25
DEBUG 2018-04-24 15:49:35,633: 	 Loading required information from the environment
DEBUG 2018-04-24 15:49:35,634: 	 Found CMSSW_8_0_25 for slc6_amd64_gcc530 with base /afs/cern.ch/user/a/aevans/public/wr/CMSSW_8_0_25
DEBUG 2018-04-24 15:49:35,645: 	 UNIQUE NAME: tarUUID 041614e0-01ad-4aa3-b165-da0de581e78f 
DEBUG 2018-04-24 15:49:35,646: 	 self.config: from WMCore.Configuration import Configuration
config = Configuration()
config.section_('General')
config.General.transferLogs = True
config.General.requestName = 'BoostedWRAnalysis_WJetsToLNu_Pt-100To250_TuneCUETP8M1_13TeV-amcatnloFXFX-pythia8'
config.section_('JobType')
config.JobType.psetName = './background_WJetsToLNu_Pt-100To250_TuneCUETP8M1_13TeV-amcatnloFXFX-pythia8_WR_M-2400_LNu_M-240_cfg.py'
config.JobType.pluginName = 'Analysis'
config.section_('Data')
config.Data.inputDataset = '/WJetsToLNu_Pt-100To250_TuneCUETP8M1_13TeV-amcatnloFXFX-pythia8/RunIISummer16MiniAODv2-PUMoriond17_80X_mcRun2_asymptotic_2016_TrancheIV_v6-v1/MINIAODSIM'
config.Data.outputDatasetTag = 'CRAB3_BoostedWRAnalysis'
config.Data.publication = True
config.Data.splitting = 'Automatic'
config.Data.totalUnits = 10000000
config.section_('Site')
config.Site.storageSite = 'T2_CH_CERN'
config.section_('User')
config.section_('Debug')

DEBUG 2018-04-24 15:49:35,646: 	 self.config.JobType.psetName: ./background_WJetsToLNu_Pt-100To250_TuneCUETP8M1_13TeV-amcatnloFXFX-pythia8_WR_M-2400_LNu_M-240_cfg.py
INFO 2018-04-24 15:49:35,646: 	 Importing CMSSW configuration ./background_WJetsToLNu_Pt-100To250_TuneCUETP8M1_13TeV-amcatnloFXFX-pythia8_WR_M-2400_LNu_M-240_cfg.py
INFO 2018-04-24 15:49:36,595: 	 Finished importing CMSSW configuration ./background_WJetsToLNu_Pt-100To250_TuneCUETP8M1_13TeV-amcatnloFXFX-pythia8_WR_M-2400_LNu_M-240_cfg.py
DEBUG 2018-04-24 15:49:36,595: 	 Writing CMSSW configuration to /afs/cern.ch/user/a/aevans/public/wr/CMSSW_8_0_25/src/ExoAnalysis/cmsWRextensions/scripts/condor-umn/forAnalysisStep/crab_BoostedWRAnalysis_WJetsToLNu_Pt-100To250_TuneCUETP8M1_13TeV-amcatnloFXFX-pythia8/inputs/PSet.py
DEBUG 2018-04-24 15:49:36,728: 	 The following EDM output files will be collected: []
DEBUG 2018-04-24 15:49:36,728: 	 The following TFile output files will be collected: ['WR_MASSWR_ToLNu_MASSNU_Analysis_MuMuJJ.root']
DEBUG 2018-04-24 15:49:36,728: 	 The following user output files will be collected: []
DEBUG 2018-04-24 15:49:36,728: 	 Loading required information from the environment
DEBUG 2018-04-24 15:49:36,728: 	 Found CMSSW_8_0_25 for slc6_amd64_gcc530 with base /afs/cern.ch/user/a/aevans/public/wr/CMSSW_8_0_25
DEBUG 2018-04-24 15:49:36,728: 	 Making tarball in /afs/cern.ch/user/a/aevans/public/wr/CMSSW_8_0_25/src/ExoAnalysis/cmsWRextensions/scripts/condor-umn/forAnalysisStep/crab_BoostedWRAnalysis_WJetsToLNu_Pt-100To250_TuneCUETP8M1_13TeV-amcatnloFXFX-pythia8/inputs/041614e0-01ad-4aa3-b165-da0de581e78fdefault.tgz
DEBUG 2018-04-24 15:49:36,734: 	 Checking directory /afs/cern.ch/user/a/aevans/public/wr/CMSSW_8_0_25/lib
DEBUG 2018-04-24 15:49:36,734: 	 Adding directory /afs/cern.ch/user/a/aevans/public/wr/CMSSW_8_0_25/lib to tarball
DEBUG 2018-04-24 15:49:39,857: 	 Checking directory /afs/cern.ch/user/a/aevans/public/wr/CMSSW_8_0_25/biglib
DEBUG 2018-04-24 15:49:39,857: 	 Adding directory /afs/cern.ch/user/a/aevans/public/wr/CMSSW_8_0_25/biglib to tarball
DEBUG 2018-04-24 15:49:39,859: 	 Checking directory /afs/cern.ch/user/a/aevans/public/wr/CMSSW_8_0_25/module
DEBUG 2018-04-24 15:49:39,908: 	 Adding data directory /afs/cern.ch/user/a/aevans/public/wr/CMSSW_8_0_25/src/RecoMET/METFilters/data to tarball
DEBUG 2018-04-24 15:49:39,910: 	 Adding data directory /afs/cern.ch/user/a/aevans/public/wr/CMSSW_8_0_25/src/RecoMET/METFilters/interface to tarball
DEBUG 2018-04-24 15:49:40,161: 	 Adding data directory /afs/cern.ch/user/a/aevans/public/wr/CMSSW_8_0_25/src/ExoAnalysis/cmsWRextensions/interface to tarball
DEBUG 2018-04-24 15:49:40,173: 	 Adding data directory /afs/cern.ch/user/a/aevans/public/wr/CMSSW_8_0_25/src/ExoAnalysis/cmsWRextensions/samples/data to tarball
DEBUG 2018-04-24 15:49:40,438: 	 Adding data directory /afs/cern.ch/user/a/aevans/public/wr/CMSSW_8_0_25/src/PhysicsTools/PatAlgos/interface to tarball
DEBUG 2018-04-24 15:49:40,499: 	 Adding data directory /afs/cern.ch/user/a/aevans/public/wr/CMSSW_8_0_25/src/PhysicsTools/SelectorUtils/interface to tarball
DEBUG 2018-04-24 15:49:40,542: 	 Adding data directory /afs/cern.ch/user/a/aevans/public/wr/CMSSW_8_0_25/src/RecoEgamma/EgammaIsolationAlgos/interface to tarball
DEBUG 2018-04-24 15:49:40,566: 	 Adding data directory /afs/cern.ch/user/a/aevans/public/wr/CMSSW_8_0_25/src/RecoEgamma/ElectronIdentification/data to tarball
DEBUG 2018-04-24 15:49:40,573: 	 Adding data directory /afs/cern.ch/user/a/aevans/public/wr/CMSSW_8_0_25/src/RecoEgamma/ElectronIdentification/interface to tarball
DEBUG 2018-04-24 15:49:40,605: 	 Adding data directory /afs/cern.ch/user/a/aevans/public/wr/CMSSW_8_0_25/src/CommonTools/PileupAlgos/interface to tarball
DEBUG 2018-04-24 15:49:40,623: 	 Adding data directory /afs/cern.ch/user/a/aevans/public/wr/CMSSW_8_0_25/src/L1Trigger/L1TNtuples/interface to tarball
DEBUG 2018-04-24 15:49:40,799: 	 Uploading archive /afs/cern.ch/user/a/aevans/public/wr/CMSSW_8_0_25/src/ExoAnalysis/cmsWRextensions/scripts/condor-umn/forAnalysisStep/crab_BoostedWRAnalysis_WJetsToLNu_Pt-100To250_TuneCUETP8M1_13TeV-amcatnloFXFX-pythia8/inputs/041614e0-01ad-4aa3-b165-da0de581e78fdefault.tgz (4.101562.1 MB) to the CRAB cache. Using URI https://cmsweb.cern.ch/crabcache
DEBUG 2018-04-24 15:49:42,469: 	 Loading required information from the environment
DEBUG 2018-04-24 15:49:42,469: 	 Found CMSSW_8_0_25 for slc6_amd64_gcc530 with base /afs/cern.ch/user/a/aevans/public/wr/CMSSW_8_0_25
DEBUG 2018-04-24 15:49:42,469: 	 Making tarball in /afs/cern.ch/user/a/aevans/public/wr/CMSSW_8_0_25/src/ExoAnalysis/cmsWRextensions/scripts/condor-umn/forAnalysisStep/crab_BoostedWRAnalysis_WJetsToLNu_Pt-100To250_TuneCUETP8M1_13TeV-amcatnloFXFX-pythia8/inputs/debugFiles.tgz
DEBUG 2018-04-24 15:49:42,473: 	 Uploading archive /afs/cern.ch/user/a/aevans/public/wr/CMSSW_8_0_25/src/ExoAnalysis/cmsWRextensions/scripts/condor-umn/forAnalysisStep/crab_BoostedWRAnalysis_WJetsToLNu_Pt-100To250_TuneCUETP8M1_13TeV-amcatnloFXFX-pythia8/inputs/debugFiles.tgz (1 KB) to the CRAB cache. Using URI https://cmsweb.cern.ch/crabcache
DEBUG 2018-04-24 15:49:42,874: 	 Result uploading input files: b8d29a3ce7342038ec8ed20dd183eb17380d847b8a6fbb3ce06915520bbe0edc.tar.gz 
WARNING 2018-04-24 15:49:42,874: 	 Warning: The following output files will not be published, as they are not EDM files: ['WR_MASSWR_ToLNu_MASSNU_Analysis_MuMuJJ.root']
INFO 2018-04-24 15:49:42,875: 	 Sending the request to the server
DEBUG 2018-04-24 15:49:42,875: 	 Submitting {'maxjobruntime': 1250, 'extrajdl': [], 'ignorelocality': 0, 'savelogsflag': 1, 'useparent': 0, 'asyncdest': 'T2_CH_CERN', 'algoargs': 480, 'cachefilename': 'b8d29a3ce7342038ec8ed20dd183eb17380d847b8a6fbb3ce06915520bbe0edc.tar.gz', 'numcores': 1, 'addoutputfiles': [], 'generator': 'pythia', 'maxmemory': 2000, 'publishdbsurl': 'https://cmsweb.cern.ch/dbs/prod/phys03/DBSWriter', 'priority': 10, 'jobsw': 'CMSSW_8_0_25', 'edmoutfiles': [], 'userfiles': [], 'primarydataset': '', 'inputdata': '/WJetsToLNu_Pt-100To250_TuneCUETP8M1_13TeV-amcatnloFXFX-pythia8/RunIISummer16MiniAODv2-PUMoriond17_80X_mcRun2_asymptotic_2016_TrancheIV_v6-v1/MINIAODSIM', 'dryrun': 0, 'workflow': 'crab_BoostedWRAnalysis_WJetsToLNu_Pt-100To250_TuneCUETP8M1_13TeV-amcatnloFXFX-pythia8', 'cacheurl': u'https://cmsweb.cern.ch/crabcache', 'nonprodsw': 0, 'tfileoutfiles': ['WR_MASSWR_ToLNu_MASSNU_Analysis_MuMuJJ.root'], 'oneEventMode': 0, 'debugfilename': 'ad963ca6f21a471860fa3a97ded3f45c5afec8fe8469b34a630347a98eaf0f27.tar.gz', 'saveoutput': 1, 'publication': 1, 'jobarch': 'slc6_amd64_gcc530', 'totalunits': 10000000, 'splitalgo': 'Automatic', 'ignoreglobalblacklist': 0, 'nonvaliddata': 0, 'dbsurl': 'https://cmsweb.cern.ch/dbs/prod/global/DBSReader', 'publishgroupname': 0, 'jobtype': 'Analysis', 'publishname2': 'CRAB3_BoostedWRAnalysis'} 
DEBUG 2018-04-24 15:49:42,875: 	 Encoded submit request: maxjobruntime=1250&ignorelocality=0&savelogsflag=1&useparent=0&asyncdest=T2_CH_CERN&algoargs=480&cachefilename=b8d29a3ce7342038ec8ed20dd183eb17380d847b8a6fbb3ce06915520bbe0edc.tar.gz&numcores=1&generator=pythia&maxmemory=2000&publishdbsurl=https%3A%2F%2Fcmsweb.cern.ch%2Fdbs%2Fprod%2Fphys03%2FDBSWriter&priority=10&jobsw=CMSSW_8_0_25&primarydataset=&inputdata=%2FWJetsToLNu_Pt-100To250_TuneCUETP8M1_13TeV-amcatnloFXFX-pythia8%2FRunIISummer16MiniAODv2-PUMoriond17_80X_mcRun2_asymptotic_2016_TrancheIV_v6-v1%2FMINIAODSIM&dryrun=0&workflow=crab_BoostedWRAnalysis_WJetsToLNu_Pt-100To250_TuneCUETP8M1_13TeV-amcatnloFXFX-pythia8&cacheurl=https%3A%2F%2Fcmsweb.cern.ch%2Fcrabcache&nonprodsw=0&oneEventMode=0&debugfilename=ad963ca6f21a471860fa3a97ded3f45c5afec8fe8469b34a630347a98eaf0f27.tar.gz&saveoutput=1&publication=1&jobarch=slc6_amd64_gcc530&totalunits=10000000&splitalgo=Automatic&ignoreglobalblacklist=0&nonvaliddata=0&dbsurl=https%3A%2F%2Fcmsweb.cern.ch%2Fdbs%2Fprod%2Fglobal%2FDBSReader&publishgroupname=0&jobtype=Analysis&publishname2=CRAB3_BoostedWRAnalysis&tfileoutfiles=WR_MASSWR_ToLNu_MASSNU_Analysis_MuMuJJ.root
DEBUG 2018-04-24 15:49:43,600: 	 Result: {u'result': [{u'RequestName': u'180424_134943:aevans_crab_BoostedWRAnalysis_WJetsToLNu_Pt-100To250_TuneCUETP8M1_13TeV-amcatnloFXFX-pythia8'}]}
INFO 2018-04-24 15:49:43,604: 	 Success: Your task has been delivered to the CRAB3 server.
INFO 2018-04-24 15:49:43,604: 	 Task name: 180424_134943:aevans_crab_BoostedWRAnalysis_WJetsToLNu_Pt-100To250_TuneCUETP8M1_13TeV-amcatnloFXFX-pythia8
INFO 2018-04-24 15:49:43,604: 	 Please use 'crab status' to check how the submission process proceeds.
DEBUG 2018-04-24 15:49:43,604: 	 About to return
INFO 2018-04-24 15:49:43,608: 	 Log file is /afs/cern.ch/user/a/aevans/public/wr/CMSSW_8_0_25/src/ExoAnalysis/cmsWRextensions/scripts/condor-umn/forAnalysisStep/crab_BoostedWRAnalysis_WJetsToLNu_Pt-100To250_TuneCUETP8M1_13TeV-amcatnloFXFX-pythia8/crab.log
