DEBUG 2017-05-15 11:11:54,012: 	 Executing command: 'resubmit'
DEBUG 2017-05-15 11:11:54,013: 	 Found CRAB cache file /afs/cern.ch/user/a/aevans/.crab3
DEBUG 2017-05-15 11:11:54,023: 	 Checking credentials
DEBUG 2017-05-15 11:11:54,023: 	 Found proxy file /tmp/x509up_u70979
DEBUG 2017-05-15 11:11:54,023: 	 Getting proxy life time left
DEBUG 2017-05-15 11:11:54,831: 	 Executing : 
 command : voms-proxy-info -file /tmp/x509up_u70979 -timeleft
 output : 42460

 error: 
 retcode : 0
DEBUG 2017-05-15 11:11:55,336: 	 Executing : 
 command : voms-proxy-info -file /tmp/x509up_u70979 -actimeleft
 output : 
 error: No VOMS attributes found!

 retcode : 1
DEBUG 2017-05-15 11:11:55,336: 	 Proxy valid for 00:00:00 hours
DEBUG 2017-05-15 11:11:55,336: 	 Creating new proxy for 24:00 hours with VO group '' and VO role 'NULL'.
DEBUG 2017-05-15 11:12:02,167: 	 Executing : 
 command : voms-proxy-init -voms cms:/cms -valid 24:00 -rfc
 output : None
 error: None
 retcode : 0
DEBUG 2017-05-15 11:12:02,672: 	 Executing : 
 command : voms-proxy-info -file /tmp/x509up_u70979 -timeleft
 output : 86398

 error: 
 retcode : 0
DEBUG 2017-05-15 11:12:03,176: 	 Executing : 
 command : voms-proxy-info -file /tmp/x509up_u70979 -actimeleft
 output : 86397

 error: 
 retcode : 0
DEBUG 2017-05-15 11:12:03,680: 	 Executing : 
 command : env X509_USER_PROXY=/tmp/x509up_u70979 voms-proxy-info -fqan
 output : /cms/Role=NULL/Capability=NULL
/cms/uscms/Role=NULL/Capability=NULL

 error: 
 retcode : 0
DEBUG 2017-05-15 11:12:03,680: 	 Proxy created.
ERROR 2017-05-15 11:12:03,686: 	 Cannot find .requestcache file in CRAB project directory /afs/cern.ch/user/a/aevans/public/wr/CMSSW_8_0_24_patch1/src/ExoAnalysis/cmsWRextension/scripts/forHLTStep/crab_projects
ERROR 2017-05-15 11:12:03,686: 	 Caught exception
Traceback (most recent call last):
  File "/cvmfs/cms.cern.ch/crab3/slc6_amd64_gcc493/cms/crabclient/3.3.1705.patch3/bin/crab", line 160, in <module>
    client()
  File "/cvmfs/cms.cern.ch/crab3/slc6_amd64_gcc493/cms/crabclient/3.3.1705.patch3/bin/crab", line 146, in __call__
    self.cmd = sub_cmd(self.logger, args[1:])
  File "/cvmfs/cms.cern.ch/crab3/slc6_amd64_gcc493/cms/crabclient/3.3.1705.patch3/lib/python2.7/site-packages/CRABClient/Commands/resubmit.py", line 28, in __init__
    SubCommand.__init__(self, logger, cmdargs)
  File "/cvmfs/cms.cern.ch/crab3/slc6_amd64_gcc493/cms/crabclient/3.3.1705.patch3/lib/python2.7/site-packages/CRABClient/Commands/SubCommand.py", line 321, in __init__
    self.loadLocalCache(proxyOptsSetPlace)
  File "/cvmfs/cms.cern.ch/crab3/slc6_amd64_gcc493/cms/crabclient/3.3.1705.patch3/lib/python2.7/site-packages/CRABClient/Commands/SubCommand.py", line 450, in loadLocalCache
    raise ex
CachefileNotFoundException: Cannot find .requestcache file in CRAB project directory /afs/cern.ch/user/a/aevans/public/wr/CMSSW_8_0_24_patch1/src/ExoAnalysis/cmsWRextension/scripts/forHLTStep/crab_projects
