 ################################################################### 
 # WARNING: this module is deprecated.                             # 
 # Please use CondCore.CondDB.CondDB_cfi.py                        # 
 ################################################################### 
L1TRawToDigi Sequence configured for Stage-2 (2016) trigger. 
L1TReco Sequence configured for Stage-2 (2016) trigger. 
# Conditions read from  CMS_CONDITIONS  via FrontierProd 
DEBUG 2017-05-11 14:49:34,400: 	 Executing command: 'submit'
DEBUG 2017-05-11 14:49:34,400: 	 Found CRAB cache file /afs/cern.ch/user/a/aevans/.crab3
DEBUG 2017-05-11 14:49:34,437: 	 Checking credentials
DEBUG 2017-05-11 14:49:34,438: 	 Found proxy file /tmp/x509up_u70979
DEBUG 2017-05-11 14:49:34,438: 	 Getting proxy life time left
DEBUG 2017-05-11 14:49:35,565: 	 Executing : 
 command : voms-proxy-info -file /tmp/x509up_u70979 -timeleft
 output : 85443

 error: 
 retcode : 0
DEBUG 2017-05-11 14:49:36,498: 	 Executing : 
 command : voms-proxy-info -file /tmp/x509up_u70979 -actimeleft
 output : 85441

 error: 
 retcode : 0
DEBUG 2017-05-11 14:49:36,499: 	 Proxy valid for 23:44:03 hours
INFO 2017-05-11 14:49:36,499: 	 Will use CRAB configuration file crabConfig_WR_M-2400_ToLNu_M-800_RECO_MuMuJJ.py
DEBUG 2017-05-11 14:49:36,499: 	 Loading CRAB configuration file.
DEBUG 2017-05-11 14:49:36,512: 	 Will use CRAB Analysis plugin (i.e. will run an analysis job type).
DEBUG 2017-05-11 14:49:36,832: 	 Executing : 
 command : openssl x509 -in ~/.globus/usercert.pem -subject -noout
 output : subject= /DC=ch/DC=cern/OU=Organic Units/OU=Users/CN=aevans/CN=759769/CN=Andrew Christopher Evans

 error: 
 retcode : 0
DEBUG 2017-05-11 14:49:36,832: 	 Checking credentials
DEBUG 2017-05-11 14:49:36,833: 	 Found proxy file /tmp/x509up_u70979
DEBUG 2017-05-11 14:49:36,833: 	 Getting proxy life time left
DEBUG 2017-05-11 14:49:38,186: 	 Executing : 
 command : voms-proxy-info -file /tmp/x509up_u70979 -timeleft
 output : 85440

 error: 
 retcode : 0
DEBUG 2017-05-11 14:49:39,468: 	 Executing : 
 command : voms-proxy-info -file /tmp/x509up_u70979 -actimeleft
 output : 85438

 error: 
 retcode : 0
DEBUG 2017-05-11 14:49:39,468: 	 Proxy valid for 23:44:00 hours
DEBUG 2017-05-11 14:49:40,811: 	 Executing : 
 command : env X509_USER_PROXY=/tmp/x509up_u70979 voms-proxy-info -fqan
 output : /cms/Role=NULL/Capability=NULL
/cms/uscms/Role=NULL/Capability=NULL

 error: 
 retcode : 0
DEBUG 2017-05-11 14:49:41,281: 	 Registering user credentials for server /DC=ch/DC=cern/OU=computers/CN=vocms(045|052|021|031|0118|0118a|0119|0108|0105|0109).cern.ch
DEBUG 2017-05-11 14:49:41,553: 	 Executing : 
 command : openssl x509 -in ~/.globus/usercert.pem -subject -noout
 output : subject= /DC=ch/DC=cern/OU=Organic Units/OU=Users/CN=aevans/CN=759769/CN=Andrew Christopher Evans

 error: 
 retcode : 0
DEBUG 2017-05-11 14:49:41,554: 	 Getting myproxy life time left for myproxy.cern.ch
DEBUG 2017-05-11 14:49:41,554: 	 Calculating hash of /DC=ch/DC=cern/OU=Organic Units/OU=Users/CN=aevans/CN=759769/CN=Andrew Christopher Evans_cmsweb.cern.ch for credential name
DEBUG 2017-05-11 14:49:41,768: 	 Executing : 
 command : myproxy-info -l 6e8b596a0ecb88668ea3603b5574bc53bcfde64c -s myproxy.cern.ch
 output : username: 6e8b596a0ecb88668ea3603b5574bc53bcfde64c
owner: /DC=ch/DC=cern/OU=Organic Units/OU=Users/CN=aevans/CN=759769/CN=Andrew Christopher Evans
  renewal policy: /DC=ch/DC=cern/OU=computers/CN=vocms(045|052|021|031|0118|0118a|0119|0108|0105|0109).cern.ch
  trusted retrieval policy: /DC=ch/DC=cern/OU=computers/CN=vocms(045|052|021|031|0118|0118a|0119|0108|0105|0109).cern.ch
  timeleft: 717:42:12  (29.9 days)

 error: 
 retcode : 0
DEBUG 2017-05-11 14:49:41,769: 	 Myproxy is valid: 2583732
DEBUG 2017-05-11 14:49:41,769: 	 Command use: submit
DEBUG 2017-05-11 14:49:41,769: 	 Options use: ['-c', 'crabConfig_WR_M-2400_ToLNu_M-800_RECO_MuMuJJ.py']
DEBUG 2017-05-11 14:49:42,239: 	 CRABClient version: 3.3.1705.patch3
DEBUG 2017-05-11 14:49:42,239: 	 Instance is prod
DEBUG 2017-05-11 14:49:42,239: 	 Server base url is cmsweb.cern.ch
DEBUG 2017-05-11 14:49:42,239: 	 Command url /crabserver/prod/workflow
DEBUG 2017-05-11 14:49:42,239: 	 Started submission
DEBUG 2017-05-11 14:49:42,239: 	 Working on /afs/cern.ch/user/a/aevans/public/wr/CMSSW_8_0_24_patch1/src/ExoAnalysis/cmsWRextension/scripts/forRecoStep/crab_projects/crab_WR_M-2400_ToLNu_M-800_RECO_MuMuJJ
DEBUG 2017-05-11 14:49:42,803: 	 Loading required information from the environment
DEBUG 2017-05-11 14:49:42,803: 	 Found CMSSW_8_0_24_patch1 for slc6_amd64_gcc530 with base /afs/cern.ch/user/a/aevans/public/wr/CMSSW_8_0_24_patch1
DEBUG 2017-05-11 14:49:42,804: 	 Loading required information from the environment
DEBUG 2017-05-11 14:49:42,804: 	 Found CMSSW_8_0_24_patch1 for slc6_amd64_gcc530 with base /afs/cern.ch/user/a/aevans/public/wr/CMSSW_8_0_24_patch1
DEBUG 2017-05-11 14:49:42,838: 	 UNIQUE NAME: tarUUID 1fba86fd-dce2-4a74-8bdc-d4129b38fc69 
DEBUG 2017-05-11 14:49:42,839: 	 self.config: from WMCore.Configuration import Configuration
config = Configuration()
config.section_('General')
config.General.transferLogs = True
config.General.transferOutputs = True
config.General.workArea = 'crab_projects'
config.General.requestName = 'WR_M-2400_ToLNu_M-800_RECO_MuMuJJ'
config.section_('JobType')
config.JobType.psetName = 'WR_M-2400_ToLNu_M-800_RECO_MuMuJJ.py'
config.JobType.pluginName = 'Analysis'
config.section_('Data')
config.Data.inputDataset = '/WRToMuMuJJ_MW-2400_MNu-800_TuneCUETP8M1_13TeV-pythia8/gnegro-RunIIWinter16_80X_GEN-SIM-e2ba59231ce4b9003c4220129f010e56/USER'
config.Data.outputDatasetTag = 'RunIIWinter16_80X_mcRun2_asymptotic_2016_miniAODv2_v1_AODSIM'
config.Data.publication = True
config.Data.unitsPerJob = 1
config.Data.ignoreLocality = True
config.Data.inputDBS = 'phys03'
config.Data.splitting = 'FileBased'
config.Data.outLFNDirBase = '/store/user/aevans/'
config.Data.totalUnits = -1
config.section_('Site')
config.Site.blacklist = ['T3_US_UCR', 'T2_US_Vanderbilt', 'T2_EE_Estonia', 'T3_US_UMiss']
config.Site.storageSite = 'T2_CH_CERN'
config.section_('User')
config.section_('Debug')

DEBUG 2017-05-11 14:49:42,839: 	 self.config.JobType.psetName: WR_M-2400_ToLNu_M-800_RECO_MuMuJJ.py
INFO 2017-05-11 14:49:42,839: 	 Importing CMSSW configuration WR_M-2400_ToLNu_M-800_RECO_MuMuJJ.py
INFO 2017-05-11 14:50:03,181: 	 Finished importing CMSSW configuration WR_M-2400_ToLNu_M-800_RECO_MuMuJJ.py
DEBUG 2017-05-11 14:50:03,181: 	 Writing CMSSW configuration to /afs/cern.ch/user/a/aevans/public/wr/CMSSW_8_0_24_patch1/src/ExoAnalysis/cmsWRextension/scripts/forRecoStep/crab_projects/crab_WR_M-2400_ToLNu_M-800_RECO_MuMuJJ/inputs/PSet.py
DEBUG 2017-05-11 14:50:06,567: 	 The following EDM output files will be collected: ['WR_M-2400_ToLNu_M-800_AODSIM_13TeV-2016.root']
DEBUG 2017-05-11 14:50:06,568: 	 The following TFile output files will be collected: []
DEBUG 2017-05-11 14:50:06,568: 	 The following user output files will be collected: []
DEBUG 2017-05-11 14:50:06,568: 	 Loading required information from the environment
DEBUG 2017-05-11 14:50:06,568: 	 Found CMSSW_8_0_24_patch1 for slc6_amd64_gcc530 with base /afs/cern.ch/user/a/aevans/public/wr/CMSSW_8_0_24_patch1
DEBUG 2017-05-11 14:50:06,568: 	 Making tarball in /afs/cern.ch/user/a/aevans/public/wr/CMSSW_8_0_24_patch1/src/ExoAnalysis/cmsWRextension/scripts/forRecoStep/crab_projects/crab_WR_M-2400_ToLNu_M-800_RECO_MuMuJJ/inputs/1fba86fd-dce2-4a74-8bdc-d4129b38fc69default.tgz
DEBUG 2017-05-11 14:50:06,899: 	 Checking directory /afs/cern.ch/user/a/aevans/public/wr/CMSSW_8_0_24_patch1/lib
DEBUG 2017-05-11 14:50:06,899: 	 Adding directory /afs/cern.ch/user/a/aevans/public/wr/CMSSW_8_0_24_patch1/lib to tarball
DEBUG 2017-05-11 14:50:07,073: 	 Checking directory /afs/cern.ch/user/a/aevans/public/wr/CMSSW_8_0_24_patch1/biglib
DEBUG 2017-05-11 14:50:07,073: 	 Adding directory /afs/cern.ch/user/a/aevans/public/wr/CMSSW_8_0_24_patch1/biglib to tarball
DEBUG 2017-05-11 14:50:07,074: 	 Checking directory /afs/cern.ch/user/a/aevans/public/wr/CMSSW_8_0_24_patch1/module
DEBUG 2017-05-11 14:50:07,089: 	 Adding data directory /afs/cern.ch/user/a/aevans/public/wr/CMSSW_8_0_24_patch1/src/ExoAnalysis/cmsWR/data to tarball
DEBUG 2017-05-11 14:50:08,519: 	 Adding data directory /afs/cern.ch/user/a/aevans/public/wr/CMSSW_8_0_24_patch1/src/ExoAnalysis/cmsWR/interface to tarball
DEBUG 2017-05-11 14:50:09,360: 	 Uploading archive /afs/cern.ch/user/a/aevans/public/wr/CMSSW_8_0_24_patch1/src/ExoAnalysis/cmsWRextension/scripts/forRecoStep/crab_projects/crab_WR_M-2400_ToLNu_M-800_RECO_MuMuJJ/inputs/1fba86fd-dce2-4a74-8bdc-d4129b38fc69default.tgz (2.913086.1 MB) to the CRAB cache. Using URI https://cmsweb.cern.ch/crabcache
DEBUG 2017-05-11 14:50:10,825: 	 Loading required information from the environment
DEBUG 2017-05-11 14:50:10,825: 	 Found CMSSW_8_0_24_patch1 for slc6_amd64_gcc530 with base /afs/cern.ch/user/a/aevans/public/wr/CMSSW_8_0_24_patch1
DEBUG 2017-05-11 14:50:10,825: 	 Making tarball in /afs/cern.ch/user/a/aevans/public/wr/CMSSW_8_0_24_patch1/src/ExoAnalysis/cmsWRextension/scripts/forRecoStep/crab_projects/crab_WR_M-2400_ToLNu_M-800_RECO_MuMuJJ/inputs/debugFiles.tgz
DEBUG 2017-05-11 14:50:10,847: 	 Uploading archive /afs/cern.ch/user/a/aevans/public/wr/CMSSW_8_0_24_patch1/src/ExoAnalysis/cmsWRextension/scripts/forRecoStep/crab_projects/crab_WR_M-2400_ToLNu_M-800_RECO_MuMuJJ/inputs/debugFiles.tgz (1 KB) to the CRAB cache. Using URI https://cmsweb.cern.ch/crabcache
DEBUG 2017-05-11 14:50:11,239: 	 Result uploading input files: 4de1a52698047624f047d4eddd5d155e6b0eb6f35a06033811e81119e737f48d.tar.gz 
INFO 2017-05-11 14:50:11,239: 	 Sending the request to the server
DEBUG 2017-05-11 14:50:11,239: 	 Submitting {'maxjobruntime': 1250, 'extrajdl': [], 'ignorelocality': 1, 'savelogsflag': 1, 'useparent': 0, 'asyncdest': 'T2_CH_CERN', 'algoargs': 1, 'cachefilename': '4de1a52698047624f047d4eddd5d155e6b0eb6f35a06033811e81119e737f48d.tar.gz', 'numcores': 1, 'addoutputfiles': [], 'generator': 'pythia', 'maxmemory': 2000, 'publishdbsurl': 'https://cmsweb.cern.ch/dbs/prod/phys03/DBSWriter', 'priority': 10, 'jobsw': 'CMSSW_8_0_24_patch1', 'edmoutfiles': ['WR_M-2400_ToLNu_M-800_AODSIM_13TeV-2016.root'], 'userfiles': [], 'primarydataset': '', 'inputdata': '/WRToMuMuJJ_MW-2400_MNu-800_TuneCUETP8M1_13TeV-pythia8/gnegro-RunIIWinter16_80X_GEN-SIM-e2ba59231ce4b9003c4220129f010e56/USER', 'lfn': '/store/user/aevans/', 'dryrun': 0, 'workflow': 'crab_WR_M-2400_ToLNu_M-800_RECO_MuMuJJ', 'cacheurl': u'https://cmsweb.cern.ch/crabcache', 'nonprodsw': 0, 'tfileoutfiles': [], 'oneEventMode': 0, 'debugfilename': '928486b006d2dcb26484362c29dd2b2bba76c52e87f4c8bc1eba9c8c98859581.tar.gz', 'saveoutput': 1, 'publication': 1, 'jobarch': 'slc6_amd64_gcc530', 'totalunits': -1, 'splitalgo': 'FileBased', 'ignoreglobalblacklist': 0, 'nonvaliddata': 0, 'dbsurl': 'https://cmsweb.cern.ch/dbs/prod/phys03/DBSReader', 'publishgroupname': 0, 'jobtype': 'Analysis', 'siteblacklist': ['T3_US_UCR', 'T2_US_Vanderbilt', 'T2_EE_Estonia', 'T3_US_UMiss'], 'publishname2': 'RunIIWinter16_80X_mcRun2_asymptotic_2016_miniAODv2_v1_AODSIM'} 
DEBUG 2017-05-11 14:50:11,240: 	 Encoded submit request: maxjobruntime=1250&ignorelocality=1&savelogsflag=1&useparent=0&asyncdest=T2_CH_CERN&algoargs=1&cachefilename=4de1a52698047624f047d4eddd5d155e6b0eb6f35a06033811e81119e737f48d.tar.gz&numcores=1&generator=pythia&maxmemory=2000&publishdbsurl=https%3A%2F%2Fcmsweb.cern.ch%2Fdbs%2Fprod%2Fphys03%2FDBSWriter&priority=10&jobsw=CMSSW_8_0_24_patch1&primarydataset=&inputdata=%2FWRToMuMuJJ_MW-2400_MNu-800_TuneCUETP8M1_13TeV-pythia8%2Fgnegro-RunIIWinter16_80X_GEN-SIM-e2ba59231ce4b9003c4220129f010e56%2FUSER&lfn=%2Fstore%2Fuser%2Faevans%2F&dryrun=0&workflow=crab_WR_M-2400_ToLNu_M-800_RECO_MuMuJJ&cacheurl=https%3A%2F%2Fcmsweb.cern.ch%2Fcrabcache&nonprodsw=0&oneEventMode=0&debugfilename=928486b006d2dcb26484362c29dd2b2bba76c52e87f4c8bc1eba9c8c98859581.tar.gz&saveoutput=1&publication=1&jobarch=slc6_amd64_gcc530&totalunits=-1&splitalgo=FileBased&ignoreglobalblacklist=0&nonvaliddata=0&dbsurl=https%3A%2F%2Fcmsweb.cern.ch%2Fdbs%2Fprod%2Fphys03%2FDBSReader&publishgroupname=0&jobtype=Analysis&publishname2=RunIIWinter16_80X_mcRun2_asymptotic_2016_miniAODv2_v1_AODSIM&siteblacklist=T3_US_UCR&siteblacklist=T2_US_Vanderbilt&siteblacklist=T2_EE_Estonia&siteblacklist=T3_US_UMiss&edmoutfiles=WR_M-2400_ToLNu_M-800_AODSIM_13TeV-2016.root
DEBUG 2017-05-11 14:50:12,067: 	 Result: {u'result': [{u'RequestName': u'170511_125011:aevans_crab_WR_M-2400_ToLNu_M-800_RECO_MuMuJJ'}]}
INFO 2017-05-11 14:50:12,073: 	 Success: Your task has been delivered to the CRAB3 server.
INFO 2017-05-11 14:50:12,073: 	 Task name: 170511_125011:aevans_crab_WR_M-2400_ToLNu_M-800_RECO_MuMuJJ
INFO 2017-05-11 14:50:12,073: 	 Please use 'crab status' to check how the submission process proceeds.
DEBUG 2017-05-11 14:50:12,073: 	 About to return
INFO 2017-05-11 14:50:12,080: 	 Log file is /afs/cern.ch/user/a/aevans/public/wr/CMSSW_8_0_24_patch1/src/ExoAnalysis/cmsWRextension/scripts/forRecoStep/crab_projects/crab_WR_M-2400_ToLNu_M-800_RECO_MuMuJJ/crab.log
