# Conditions read from  CMS_CONDITIONS  via FrontierProd 
DEBUG 2018-04-24 15:46:23,850: 	 Executing command: 'submit'
DEBUG 2018-04-24 15:46:23,850: 	 Found CRAB cache file /afs/cern.ch/user/a/aevans/.crab3
DEBUG 2018-04-24 15:46:23,864: 	 Checking credentials
DEBUG 2018-04-24 15:46:23,864: 	 Found proxy file /afs/cern.ch/work/a/aevans/public/proxyFile
DEBUG 2018-04-24 15:46:23,864: 	 Getting proxy life time left
DEBUG 2018-04-24 15:46:24,571: 	 Executing : 
 command : voms-proxy-info -file /afs/cern.ch/work/a/aevans/public/proxyFile -timeleft
 output : 691138

 error: 
 retcode : 0
DEBUG 2018-04-24 15:46:25,597: 	 Executing : 
 command : voms-proxy-info -file /afs/cern.ch/work/a/aevans/public/proxyFile -actimeleft
 output : 691137

 error: 
 retcode : 0
DEBUG 2018-04-24 15:46:25,597: 	 Proxy valid for 191:58:58 hours
INFO 2018-04-24 15:46:25,597: 	 Will use CRAB configuration file ./mass_ST_s-channel_4f_InclusiveDecays_13TeV-amcatnlo-pythia8.py
DEBUG 2018-04-24 15:46:25,597: 	 Loading CRAB configuration file.
DEBUG 2018-04-24 15:46:25,603: 	 Will use CRAB Analysis plugin (i.e. will run an analysis job type).
DEBUG 2018-04-24 15:46:25,732: 	 Executing : 
 command : openssl x509 -in ~/.globus/usercert.pem -subject -noout
 output : subject= /DC=ch/DC=cern/OU=Organic Units/OU=Users/CN=aevans/CN=759769/CN=Andrew Christopher Evans

 error: 
 retcode : 0
DEBUG 2018-04-24 15:46:25,732: 	 Checking credentials
DEBUG 2018-04-24 15:46:25,732: 	 Found proxy file /afs/cern.ch/work/a/aevans/public/proxyFile
DEBUG 2018-04-24 15:46:25,732: 	 Getting proxy life time left
DEBUG 2018-04-24 15:46:26,442: 	 Executing : 
 command : voms-proxy-info -file /afs/cern.ch/work/a/aevans/public/proxyFile -timeleft
 output : 691136

 error: 
 retcode : 0
DEBUG 2018-04-24 15:46:27,147: 	 Executing : 
 command : voms-proxy-info -file /afs/cern.ch/work/a/aevans/public/proxyFile -actimeleft
 output : 691135

 error: 
 retcode : 0
DEBUG 2018-04-24 15:46:27,147: 	 Proxy valid for 191:58:56 hours
DEBUG 2018-04-24 15:46:27,852: 	 Executing : 
 command : env X509_USER_PROXY=/afs/cern.ch/work/a/aevans/public/proxyFile voms-proxy-info -fqan
 output : /cms/Role=NULL/Capability=NULL
/cms/uscms/Role=NULL/Capability=NULL

 error: 
 retcode : 0
DEBUG 2018-04-24 15:46:28,228: 	 Registering user credentials for server /DC=ch/DC=cern/OU=computers/CN=vocms(045|052|021|031|0118|0118a|0119|0108|0105|0109).cern.ch
DEBUG 2018-04-24 15:46:28,352: 	 Executing : 
 command : openssl x509 -in ~/.globus/usercert.pem -subject -noout
 output : subject= /DC=ch/DC=cern/OU=Organic Units/OU=Users/CN=aevans/CN=759769/CN=Andrew Christopher Evans

 error: 
 retcode : 0
DEBUG 2018-04-24 15:46:28,353: 	 Getting myproxy life time left for myproxy.cern.ch
DEBUG 2018-04-24 15:46:28,353: 	 Calculating hash of /DC=ch/DC=cern/OU=Organic Units/OU=Users/CN=aevans/CN=759769/CN=Andrew Christopher Evans_cmsweb.cern.ch for credential name
DEBUG 2018-04-24 15:46:28,757: 	 Executing : 
 command : myproxy-info -l 6e8b596a0ecb88668ea3603b5574bc53bcfde64c -s myproxy.cern.ch
 output : username: 6e8b596a0ecb88668ea3603b5574bc53bcfde64c
owner: /DC=ch/DC=cern/OU=Organic Units/OU=Users/CN=aevans/CN=759769/CN=Andrew Christopher Evans
  renewal policy: /DC=ch/DC=cern/OU=computers/CN=vocms(045|052|021|031|0118|0118a|0119|0108|0105|0109).cern.ch
  trusted retrieval policy: /DC=ch/DC=cern/OU=computers/CN=vocms(045|052|021|031|0118|0118a|0119|0108|0105|0109).cern.ch
  timeleft: 626:05:30  (26.1 days)

 error: 
 retcode : 0
DEBUG 2018-04-24 15:46:28,758: 	 Myproxy is valid: 2253930
DEBUG 2018-04-24 15:46:28,758: 	 Command use: submit
DEBUG 2018-04-24 15:46:28,759: 	 Options use: ['--config=./mass_ST_s-channel_4f_InclusiveDecays_13TeV-amcatnlo-pythia8.py']
DEBUG 2018-04-24 15:46:29,104: 	 CRABClient version: 3.3.1804.patch1
DEBUG 2018-04-24 15:46:29,104: 	 Instance is prod
DEBUG 2018-04-24 15:46:29,104: 	 Server base url is cmsweb.cern.ch
DEBUG 2018-04-24 15:46:29,104: 	 Command url /crabserver/prod/workflow
DEBUG 2018-04-24 15:46:29,104: 	 Started submission
DEBUG 2018-04-24 15:46:29,104: 	 Working on /afs/cern.ch/user/a/aevans/public/wr/CMSSW_8_0_25/src/ExoAnalysis/cmsWRextensions/scripts/condor-umn/forAnalysisStep/crab_BoostedWRAnalysis_ST_s-channel_4f_InclusiveDecays_13TeV-amcatnlo-pythia8
DEBUG 2018-04-24 15:46:29,766: 	 Loading required information from the environment
DEBUG 2018-04-24 15:46:29,766: 	 Found CMSSW_8_0_25 for slc6_amd64_gcc530 with base /afs/cern.ch/user/a/aevans/public/wr/CMSSW_8_0_25
DEBUG 2018-04-24 15:46:29,767: 	 Loading required information from the environment
DEBUG 2018-04-24 15:46:29,767: 	 Found CMSSW_8_0_25 for slc6_amd64_gcc530 with base /afs/cern.ch/user/a/aevans/public/wr/CMSSW_8_0_25
DEBUG 2018-04-24 15:46:29,817: 	 UNIQUE NAME: tarUUID 1ce299a1-d259-4f38-a71a-3e587095378f 
DEBUG 2018-04-24 15:46:29,817: 	 self.config: from WMCore.Configuration import Configuration
config = Configuration()
config.section_('General')
config.General.transferLogs = True
config.General.requestName = 'BoostedWRAnalysis_ST_s-channel_4f_InclusiveDecays_13TeV-amcatnlo-pythia8'
config.section_('JobType')
config.JobType.psetName = './background_ST_s-channel_4f_InclusiveDecays_13TeV-amcatnlo-pythia8_WR_M-2400_LNu_M-240_cfg.py'
config.JobType.pluginName = 'Analysis'
config.section_('Data')
config.Data.inputDataset = '/ST_s-channel_4f_InclusiveDecays_13TeV-amcatnlo-pythia8/RunIISummer16MiniAODv2-PUMoriond17_80X_mcRun2_asymptotic_2016_TrancheIV_v6-v1/MINIAODSIM'
config.Data.outputDatasetTag = 'CRAB3_BoostedWRAnalysis'
config.Data.publication = True
config.Data.splitting = 'Automatic'
config.Data.totalUnits = 10000000
config.section_('Site')
config.Site.storageSite = 'T2_CH_CERN'
config.section_('User')
config.section_('Debug')

DEBUG 2018-04-24 15:46:29,817: 	 self.config.JobType.psetName: ./background_ST_s-channel_4f_InclusiveDecays_13TeV-amcatnlo-pythia8_WR_M-2400_LNu_M-240_cfg.py
INFO 2018-04-24 15:46:29,817: 	 Importing CMSSW configuration ./background_ST_s-channel_4f_InclusiveDecays_13TeV-amcatnlo-pythia8_WR_M-2400_LNu_M-240_cfg.py
INFO 2018-04-24 15:46:32,675: 	 Finished importing CMSSW configuration ./background_ST_s-channel_4f_InclusiveDecays_13TeV-amcatnlo-pythia8_WR_M-2400_LNu_M-240_cfg.py
DEBUG 2018-04-24 15:46:32,675: 	 Writing CMSSW configuration to /afs/cern.ch/user/a/aevans/public/wr/CMSSW_8_0_25/src/ExoAnalysis/cmsWRextensions/scripts/condor-umn/forAnalysisStep/crab_BoostedWRAnalysis_ST_s-channel_4f_InclusiveDecays_13TeV-amcatnlo-pythia8/inputs/PSet.py
DEBUG 2018-04-24 15:46:32,796: 	 The following EDM output files will be collected: []
DEBUG 2018-04-24 15:46:32,796: 	 The following TFile output files will be collected: ['WR_MASSWR_ToLNu_MASSNU_Analysis_MuMuJJ.root']
DEBUG 2018-04-24 15:46:32,796: 	 The following user output files will be collected: []
DEBUG 2018-04-24 15:46:32,796: 	 Loading required information from the environment
DEBUG 2018-04-24 15:46:32,796: 	 Found CMSSW_8_0_25 for slc6_amd64_gcc530 with base /afs/cern.ch/user/a/aevans/public/wr/CMSSW_8_0_25
DEBUG 2018-04-24 15:46:32,796: 	 Making tarball in /afs/cern.ch/user/a/aevans/public/wr/CMSSW_8_0_25/src/ExoAnalysis/cmsWRextensions/scripts/condor-umn/forAnalysisStep/crab_BoostedWRAnalysis_ST_s-channel_4f_InclusiveDecays_13TeV-amcatnlo-pythia8/inputs/1ce299a1-d259-4f38-a71a-3e587095378fdefault.tgz
DEBUG 2018-04-24 15:46:32,933: 	 Checking directory /afs/cern.ch/user/a/aevans/public/wr/CMSSW_8_0_25/lib
DEBUG 2018-04-24 15:46:32,934: 	 Adding directory /afs/cern.ch/user/a/aevans/public/wr/CMSSW_8_0_25/lib to tarball
DEBUG 2018-04-24 15:46:36,052: 	 Checking directory /afs/cern.ch/user/a/aevans/public/wr/CMSSW_8_0_25/biglib
DEBUG 2018-04-24 15:46:36,052: 	 Adding directory /afs/cern.ch/user/a/aevans/public/wr/CMSSW_8_0_25/biglib to tarball
DEBUG 2018-04-24 15:46:36,052: 	 Checking directory /afs/cern.ch/user/a/aevans/public/wr/CMSSW_8_0_25/module
DEBUG 2018-04-24 15:46:36,055: 	 Adding data directory /afs/cern.ch/user/a/aevans/public/wr/CMSSW_8_0_25/src/RecoMET/METFilters/data to tarball
DEBUG 2018-04-24 15:46:36,056: 	 Adding data directory /afs/cern.ch/user/a/aevans/public/wr/CMSSW_8_0_25/src/RecoMET/METFilters/interface to tarball
DEBUG 2018-04-24 15:46:36,077: 	 Adding data directory /afs/cern.ch/user/a/aevans/public/wr/CMSSW_8_0_25/src/ExoAnalysis/cmsWRextensions/interface to tarball
DEBUG 2018-04-24 15:46:36,081: 	 Adding data directory /afs/cern.ch/user/a/aevans/public/wr/CMSSW_8_0_25/src/ExoAnalysis/cmsWRextensions/samples/data to tarball
DEBUG 2018-04-24 15:46:36,181: 	 Adding data directory /afs/cern.ch/user/a/aevans/public/wr/CMSSW_8_0_25/src/PhysicsTools/PatAlgos/interface to tarball
DEBUG 2018-04-24 15:46:36,199: 	 Adding data directory /afs/cern.ch/user/a/aevans/public/wr/CMSSW_8_0_25/src/PhysicsTools/SelectorUtils/interface to tarball
DEBUG 2018-04-24 15:46:36,227: 	 Adding data directory /afs/cern.ch/user/a/aevans/public/wr/CMSSW_8_0_25/src/RecoEgamma/EgammaIsolationAlgos/interface to tarball
DEBUG 2018-04-24 15:46:36,239: 	 Adding data directory /afs/cern.ch/user/a/aevans/public/wr/CMSSW_8_0_25/src/RecoEgamma/ElectronIdentification/data to tarball
DEBUG 2018-04-24 15:46:36,242: 	 Adding data directory /afs/cern.ch/user/a/aevans/public/wr/CMSSW_8_0_25/src/RecoEgamma/ElectronIdentification/interface to tarball
DEBUG 2018-04-24 15:46:36,252: 	 Adding data directory /afs/cern.ch/user/a/aevans/public/wr/CMSSW_8_0_25/src/CommonTools/PileupAlgos/interface to tarball
DEBUG 2018-04-24 15:46:36,255: 	 Adding data directory /afs/cern.ch/user/a/aevans/public/wr/CMSSW_8_0_25/src/L1Trigger/L1TNtuples/interface to tarball
DEBUG 2018-04-24 15:46:36,409: 	 Uploading archive /afs/cern.ch/user/a/aevans/public/wr/CMSSW_8_0_25/src/ExoAnalysis/cmsWRextensions/scripts/condor-umn/forAnalysisStep/crab_BoostedWRAnalysis_ST_s-channel_4f_InclusiveDecays_13TeV-amcatnlo-pythia8/inputs/1ce299a1-d259-4f38-a71a-3e587095378fdefault.tgz (4.101562.1 MB) to the CRAB cache. Using URI https://cmsweb.cern.ch/crabcache
DEBUG 2018-04-24 15:46:38,086: 	 Loading required information from the environment
DEBUG 2018-04-24 15:46:38,086: 	 Found CMSSW_8_0_25 for slc6_amd64_gcc530 with base /afs/cern.ch/user/a/aevans/public/wr/CMSSW_8_0_25
DEBUG 2018-04-24 15:46:38,086: 	 Making tarball in /afs/cern.ch/user/a/aevans/public/wr/CMSSW_8_0_25/src/ExoAnalysis/cmsWRextensions/scripts/condor-umn/forAnalysisStep/crab_BoostedWRAnalysis_ST_s-channel_4f_InclusiveDecays_13TeV-amcatnlo-pythia8/inputs/debugFiles.tgz
DEBUG 2018-04-24 15:46:38,091: 	 Uploading archive /afs/cern.ch/user/a/aevans/public/wr/CMSSW_8_0_25/src/ExoAnalysis/cmsWRextensions/scripts/condor-umn/forAnalysisStep/crab_BoostedWRAnalysis_ST_s-channel_4f_InclusiveDecays_13TeV-amcatnlo-pythia8/inputs/debugFiles.tgz (1 KB) to the CRAB cache. Using URI https://cmsweb.cern.ch/crabcache
DEBUG 2018-04-24 15:46:38,501: 	 Result uploading input files: b8d29a3ce7342038ec8ed20dd183eb17380d847b8a6fbb3ce06915520bbe0edc.tar.gz 
WARNING 2018-04-24 15:46:38,504: 	 Warning: The following output files will not be published, as they are not EDM files: ['WR_MASSWR_ToLNu_MASSNU_Analysis_MuMuJJ.root']
INFO 2018-04-24 15:46:38,504: 	 Sending the request to the server
DEBUG 2018-04-24 15:46:38,504: 	 Submitting {'maxjobruntime': 1250, 'extrajdl': [], 'ignorelocality': 0, 'savelogsflag': 1, 'useparent': 0, 'asyncdest': 'T2_CH_CERN', 'algoargs': 480, 'cachefilename': 'b8d29a3ce7342038ec8ed20dd183eb17380d847b8a6fbb3ce06915520bbe0edc.tar.gz', 'numcores': 1, 'addoutputfiles': [], 'generator': 'pythia', 'maxmemory': 2000, 'publishdbsurl': 'https://cmsweb.cern.ch/dbs/prod/phys03/DBSWriter', 'priority': 10, 'jobsw': 'CMSSW_8_0_25', 'edmoutfiles': [], 'userfiles': [], 'primarydataset': '', 'inputdata': '/ST_s-channel_4f_InclusiveDecays_13TeV-amcatnlo-pythia8/RunIISummer16MiniAODv2-PUMoriond17_80X_mcRun2_asymptotic_2016_TrancheIV_v6-v1/MINIAODSIM', 'dryrun': 0, 'workflow': 'crab_BoostedWRAnalysis_ST_s-channel_4f_InclusiveDecays_13TeV-amcatnlo-pythia8', 'cacheurl': u'https://cmsweb.cern.ch/crabcache', 'nonprodsw': 0, 'tfileoutfiles': ['WR_MASSWR_ToLNu_MASSNU_Analysis_MuMuJJ.root'], 'oneEventMode': 0, 'debugfilename': '41a21f341c932d67c5510d04cfa1017f104dab1987ca638feb9336acd86f63bc.tar.gz', 'saveoutput': 1, 'publication': 1, 'jobarch': 'slc6_amd64_gcc530', 'totalunits': 10000000, 'splitalgo': 'Automatic', 'ignoreglobalblacklist': 0, 'nonvaliddata': 0, 'dbsurl': 'https://cmsweb.cern.ch/dbs/prod/global/DBSReader', 'publishgroupname': 0, 'jobtype': 'Analysis', 'publishname2': 'CRAB3_BoostedWRAnalysis'} 
DEBUG 2018-04-24 15:46:38,504: 	 Encoded submit request: maxjobruntime=1250&ignorelocality=0&savelogsflag=1&useparent=0&asyncdest=T2_CH_CERN&algoargs=480&cachefilename=b8d29a3ce7342038ec8ed20dd183eb17380d847b8a6fbb3ce06915520bbe0edc.tar.gz&numcores=1&generator=pythia&maxmemory=2000&publishdbsurl=https%3A%2F%2Fcmsweb.cern.ch%2Fdbs%2Fprod%2Fphys03%2FDBSWriter&priority=10&jobsw=CMSSW_8_0_25&primarydataset=&inputdata=%2FST_s-channel_4f_InclusiveDecays_13TeV-amcatnlo-pythia8%2FRunIISummer16MiniAODv2-PUMoriond17_80X_mcRun2_asymptotic_2016_TrancheIV_v6-v1%2FMINIAODSIM&dryrun=0&workflow=crab_BoostedWRAnalysis_ST_s-channel_4f_InclusiveDecays_13TeV-amcatnlo-pythia8&cacheurl=https%3A%2F%2Fcmsweb.cern.ch%2Fcrabcache&nonprodsw=0&oneEventMode=0&debugfilename=41a21f341c932d67c5510d04cfa1017f104dab1987ca638feb9336acd86f63bc.tar.gz&saveoutput=1&publication=1&jobarch=slc6_amd64_gcc530&totalunits=10000000&splitalgo=Automatic&ignoreglobalblacklist=0&nonvaliddata=0&dbsurl=https%3A%2F%2Fcmsweb.cern.ch%2Fdbs%2Fprod%2Fglobal%2FDBSReader&publishgroupname=0&jobtype=Analysis&publishname2=CRAB3_BoostedWRAnalysis&tfileoutfiles=WR_MASSWR_ToLNu_MASSNU_Analysis_MuMuJJ.root
DEBUG 2018-04-24 15:46:39,222: 	 Result: {u'result': [{u'RequestName': u'180424_134638:aevans_crab_BoostedWRAnalysis_ST_s-channel_4f_InclusiveDecays_13TeV-amcatnlo-pythia8'}]}
INFO 2018-04-24 15:46:39,225: 	 Success: Your task has been delivered to the CRAB3 server.
INFO 2018-04-24 15:46:39,225: 	 Task name: 180424_134638:aevans_crab_BoostedWRAnalysis_ST_s-channel_4f_InclusiveDecays_13TeV-amcatnlo-pythia8
INFO 2018-04-24 15:46:39,225: 	 Please use 'crab status' to check how the submission process proceeds.
DEBUG 2018-04-24 15:46:39,225: 	 About to return
INFO 2018-04-24 15:46:39,230: 	 Log file is /afs/cern.ch/user/a/aevans/public/wr/CMSSW_8_0_25/src/ExoAnalysis/cmsWRextensions/scripts/condor-umn/forAnalysisStep/crab_BoostedWRAnalysis_ST_s-channel_4f_InclusiveDecays_13TeV-amcatnlo-pythia8/crab.log
