 ################################################################### 
 # WARNING: this module is deprecated.                             # 
 # Please use CondCore.CondDB.CondDB_cfi.py                        # 
 ################################################################### 
L1TCalorimeter Sequence configured for Run1 (Legacy) trigger. 
L1TMuon Sequence configured for Legacy trigger (Run1 and Run 2015). 
L1TGlobal Sequence configured for Legacy trigger (Run1 and Run 2015). 
L1TDigiToRaw Sequence configured for Run1 (Legacy) trigger. 
L1TRawToDigi Sequence configured for Run1 (Legacy) trigger. 
L1TReco Sequence configured for Run1 (Legacy) trigger. 
# Conditions read from  CMS_CONDITIONS  via FrontierProd 

        #
        # -- Warning! You are using a deprecated customisation function. --
        #
        # It will probably run fine, but the customisations you are getting may be out of date.
        # You should update your configuration file by
        #   If using cmsDriver:
        #       1) remove the "--customise SLHCUpgradeSimulations/Configuration/postLS1Customs.customisePostLS1" option
        #       2) add the option "--era Run2_25ns" 
        #   If using a pre-made configuration file:
        #       1) remove or comment out the "process = customisePostLS1(process)" line.
        #       2) add "from Configuration.StandardSequences.Eras import eras" to the TOP of the config file (above
        #          the process declaration).
        #       3) add "eras.Run2_25ns" as a parameter to the process object, e.g. "process = cms.Process('HLT',eras.Run2_25ns)" 
        #
        # There is more information at https://twiki.cern.ch/twiki/bin/view/CMSPublic/SWGuideCmsDriverEras
        #
        
WARNING:  L1Trigger/L1TCommon/python/caloStage1LegacyFormatDigis_cfi.py has been deprecated...
WARNING:  please use L1Trigger/L1TCalorimeter/python/caloStage1LegacyFormatDigis_cfi.py
DEBUG 2017-05-12 13:51:33,365: 	 Executing command: 'submit'
DEBUG 2017-05-12 13:51:33,365: 	 Found CRAB cache file /afs/cern.ch/user/a/aevans/.crab3
DEBUG 2017-05-12 13:51:33,372: 	 Checking credentials
DEBUG 2017-05-12 13:51:33,373: 	 Found proxy file /tmp/x509up_u70979
DEBUG 2017-05-12 13:51:33,373: 	 Getting proxy life time left
DEBUG 2017-05-12 13:51:34,191: 	 Executing : 
 command : voms-proxy-info -file /tmp/x509up_u70979 -timeleft
 output : 74340

 error: 
 retcode : 0
DEBUG 2017-05-12 13:51:34,899: 	 Executing : 
 command : voms-proxy-info -file /tmp/x509up_u70979 -actimeleft
 output : 74340

 error: 
 retcode : 0
DEBUG 2017-05-12 13:51:34,899: 	 Proxy valid for 20:39:00 hours
INFO 2017-05-12 13:51:34,900: 	 Will use CRAB configuration file crabConfig_WR_M-2400_ToLNu_M-800_RECO_MuMuJJ.py
DEBUG 2017-05-12 13:51:34,900: 	 Loading CRAB configuration file.
DEBUG 2017-05-12 13:51:34,904: 	 Will use CRAB Analysis plugin (i.e. will run an analysis job type).
DEBUG 2017-05-12 13:51:35,044: 	 Executing : 
 command : openssl x509 -in ~/.globus/usercert.pem -subject -noout
 output : subject= /DC=ch/DC=cern/OU=Organic Units/OU=Users/CN=aevans/CN=759769/CN=Andrew Christopher Evans

 error: 
 retcode : 0
DEBUG 2017-05-12 13:51:35,045: 	 Checking credentials
DEBUG 2017-05-12 13:51:35,045: 	 Found proxy file /tmp/x509up_u70979
DEBUG 2017-05-12 13:51:35,045: 	 Getting proxy life time left
DEBUG 2017-05-12 13:51:35,982: 	 Executing : 
 command : voms-proxy-info -file /tmp/x509up_u70979 -timeleft
 output : 74339

 error: 
 retcode : 0
DEBUG 2017-05-12 13:51:37,111: 	 Executing : 
 command : voms-proxy-info -file /tmp/x509up_u70979 -actimeleft
 output : 74337

 error: 
 retcode : 0
DEBUG 2017-05-12 13:51:37,112: 	 Proxy valid for 20:38:59 hours
DEBUG 2017-05-12 13:51:37,917: 	 Executing : 
 command : env X509_USER_PROXY=/tmp/x509up_u70979 voms-proxy-info -fqan
 output : /cms/Role=NULL/Capability=NULL
/cms/uscms/Role=NULL/Capability=NULL

 error: 
 retcode : 0
DEBUG 2017-05-12 13:51:38,344: 	 Registering user credentials for server /DC=ch/DC=cern/OU=computers/CN=vocms(045|052|021|031|0118|0118a|0119|0108|0105|0109).cern.ch
DEBUG 2017-05-12 13:51:38,477: 	 Executing : 
 command : openssl x509 -in ~/.globus/usercert.pem -subject -noout
 output : subject= /DC=ch/DC=cern/OU=Organic Units/OU=Users/CN=aevans/CN=759769/CN=Andrew Christopher Evans

 error: 
 retcode : 0
DEBUG 2017-05-12 13:51:38,478: 	 Getting myproxy life time left for myproxy.cern.ch
DEBUG 2017-05-12 13:51:38,478: 	 Calculating hash of /DC=ch/DC=cern/OU=Organic Units/OU=Users/CN=aevans/CN=759769/CN=Andrew Christopher Evans_cmsweb.cern.ch for credential name
DEBUG 2017-05-12 13:51:38,806: 	 Executing : 
 command : myproxy-info -l 6e8b596a0ecb88668ea3603b5574bc53bcfde64c -s myproxy.cern.ch
 output : username: 6e8b596a0ecb88668ea3603b5574bc53bcfde64c
owner: /DC=ch/DC=cern/OU=Organic Units/OU=Users/CN=aevans/CN=759769/CN=Andrew Christopher Evans
  renewal policy: /DC=ch/DC=cern/OU=computers/CN=vocms(045|052|021|031|0118|0118a|0119|0108|0105|0109).cern.ch
  trusted retrieval policy: /DC=ch/DC=cern/OU=computers/CN=vocms(045|052|021|031|0118|0118a|0119|0108|0105|0109).cern.ch
  timeleft: 694:40:15  (28.9 days)

 error: 
 retcode : 0
DEBUG 2017-05-12 13:51:38,808: 	 Myproxy is valid: 2500815
DEBUG 2017-05-12 13:51:38,808: 	 Command use: submit
DEBUG 2017-05-12 13:51:38,808: 	 Options use: ['-c', 'crabConfig_WR_M-2400_ToLNu_M-800_RECO_MuMuJJ.py']
DEBUG 2017-05-12 13:51:39,352: 	 CRABClient version: 3.3.1705.patch3
DEBUG 2017-05-12 13:51:39,352: 	 Instance is prod
DEBUG 2017-05-12 13:51:39,352: 	 Server base url is cmsweb.cern.ch
DEBUG 2017-05-12 13:51:39,352: 	 Command url /crabserver/prod/workflow
DEBUG 2017-05-12 13:51:39,352: 	 Started submission
DEBUG 2017-05-12 13:51:39,352: 	 Working on /afs/cern.ch/user/a/aevans/public/wr/CMSSW_8_0_24_patch1/src/ExoAnalysis/cmsWRextension/scripts/crabDigiRawRecoJobs/crab_projects/crab_WR_M-2400_ToLNu_M-800_RECO_MuMuJJ
DEBUG 2017-05-12 13:51:39,781: 	 Loading required information from the environment
DEBUG 2017-05-12 13:51:39,781: 	 Found CMSSW_8_0_24_patch1 for slc6_amd64_gcc530 with base /afs/cern.ch/user/a/aevans/public/wr/CMSSW_8_0_24_patch1
DEBUG 2017-05-12 13:51:39,781: 	 Loading required information from the environment
DEBUG 2017-05-12 13:51:39,781: 	 Found CMSSW_8_0_24_patch1 for slc6_amd64_gcc530 with base /afs/cern.ch/user/a/aevans/public/wr/CMSSW_8_0_24_patch1
DEBUG 2017-05-12 13:51:39,796: 	 UNIQUE NAME: tarUUID fd5b2ab8-842e-466a-8882-1a9e5ed36dd0 
DEBUG 2017-05-12 13:51:39,797: 	 self.config: from WMCore.Configuration import Configuration
config = Configuration()
config.section_('General')
config.General.transferLogs = True
config.General.transferOutputs = True
config.General.workArea = 'crab_projects'
config.General.requestName = 'WR_M-2400_ToLNu_M-800_RECO_MuMuJJ'
config.section_('JobType')
config.JobType.psetName = 'WR_M-2400_ToLNu_M-800_RECO_MuMuJJ.py'
config.JobType.pluginName = 'Analysis'
config.section_('Data')
config.Data.inputDataset = '/WRToMuMuJJ_MW-2400_MNu-800_TuneCUETP8M1_13TeV-pythia8/gnegro-RunIIWinter16_80X_GEN-SIM-e2ba59231ce4b9003c4220129f010e56/USER'
config.Data.outputDatasetTag = 'RunIIWinter16_80X_mcRun2_asymptotic_2016_miniAODv2_v1_AODSIM'
config.Data.publication = True
config.Data.unitsPerJob = 1
config.Data.ignoreLocality = True
config.Data.inputDBS = 'phys03'
config.Data.splitting = 'FileBased'
config.Data.outLFNDirBase = '/store/user/aevans/'
config.Data.totalUnits = -1
config.section_('Site')
config.Site.blacklist = ['T3_US_UCR', 'T2_US_Vanderbilt', 'T2_EE_Estonia', 'T3_US_UMiss']
config.Site.storageSite = 'T2_CH_CERN'
config.section_('User')
config.section_('Debug')

DEBUG 2017-05-12 13:51:39,797: 	 self.config.JobType.psetName: WR_M-2400_ToLNu_M-800_RECO_MuMuJJ.py
INFO 2017-05-12 13:51:39,797: 	 Importing CMSSW configuration WR_M-2400_ToLNu_M-800_RECO_MuMuJJ.py
INFO 2017-05-12 13:51:49,297: 	 Finished importing CMSSW configuration WR_M-2400_ToLNu_M-800_RECO_MuMuJJ.py
DEBUG 2017-05-12 13:51:49,298: 	 Writing CMSSW configuration to /afs/cern.ch/user/a/aevans/public/wr/CMSSW_8_0_24_patch1/src/ExoAnalysis/cmsWRextension/scripts/crabDigiRawRecoJobs/crab_projects/crab_WR_M-2400_ToLNu_M-800_RECO_MuMuJJ/inputs/PSet.py
DEBUG 2017-05-12 13:51:55,739: 	 The following EDM output files will be collected: ['WR_ToLNu_ToLLJJ_MNuUndef_2400_13TeV_NNUUMMPU_RAW_RECO.root']
DEBUG 2017-05-12 13:51:55,739: 	 The following TFile output files will be collected: []
DEBUG 2017-05-12 13:51:55,739: 	 The following user output files will be collected: []
DEBUG 2017-05-12 13:51:55,739: 	 Loading required information from the environment
DEBUG 2017-05-12 13:51:55,739: 	 Found CMSSW_8_0_24_patch1 for slc6_amd64_gcc530 with base /afs/cern.ch/user/a/aevans/public/wr/CMSSW_8_0_24_patch1
DEBUG 2017-05-12 13:51:55,739: 	 Making tarball in /afs/cern.ch/user/a/aevans/public/wr/CMSSW_8_0_24_patch1/src/ExoAnalysis/cmsWRextension/scripts/crabDigiRawRecoJobs/crab_projects/crab_WR_M-2400_ToLNu_M-800_RECO_MuMuJJ/inputs/fd5b2ab8-842e-466a-8882-1a9e5ed36dd0default.tgz
DEBUG 2017-05-12 13:51:55,758: 	 Checking directory /afs/cern.ch/user/a/aevans/public/wr/CMSSW_8_0_24_patch1/lib
DEBUG 2017-05-12 13:51:55,759: 	 Adding directory /afs/cern.ch/user/a/aevans/public/wr/CMSSW_8_0_24_patch1/lib to tarball
DEBUG 2017-05-12 13:51:55,833: 	 Checking directory /afs/cern.ch/user/a/aevans/public/wr/CMSSW_8_0_24_patch1/biglib
DEBUG 2017-05-12 13:51:55,834: 	 Adding directory /afs/cern.ch/user/a/aevans/public/wr/CMSSW_8_0_24_patch1/biglib to tarball
DEBUG 2017-05-12 13:51:55,835: 	 Checking directory /afs/cern.ch/user/a/aevans/public/wr/CMSSW_8_0_24_patch1/module
DEBUG 2017-05-12 13:51:55,854: 	 Adding data directory /afs/cern.ch/user/a/aevans/public/wr/CMSSW_8_0_24_patch1/src/ExoAnalysis/cmsWR/data to tarball
DEBUG 2017-05-12 13:51:57,292: 	 Adding data directory /afs/cern.ch/user/a/aevans/public/wr/CMSSW_8_0_24_patch1/src/ExoAnalysis/cmsWR/interface to tarball
DEBUG 2017-05-12 13:51:58,378: 	 Uploading archive /afs/cern.ch/user/a/aevans/public/wr/CMSSW_8_0_24_patch1/src/ExoAnalysis/cmsWRextension/scripts/crabDigiRawRecoJobs/crab_projects/crab_WR_M-2400_ToLNu_M-800_RECO_MuMuJJ/inputs/fd5b2ab8-842e-466a-8882-1a9e5ed36dd0default.tgz (3.042969.1 MB) to the CRAB cache. Using URI https://cmsweb.cern.ch/crabcache
DEBUG 2017-05-12 13:51:59,727: 	 Loading required information from the environment
DEBUG 2017-05-12 13:51:59,727: 	 Found CMSSW_8_0_24_patch1 for slc6_amd64_gcc530 with base /afs/cern.ch/user/a/aevans/public/wr/CMSSW_8_0_24_patch1
DEBUG 2017-05-12 13:51:59,727: 	 Making tarball in /afs/cern.ch/user/a/aevans/public/wr/CMSSW_8_0_24_patch1/src/ExoAnalysis/cmsWRextension/scripts/crabDigiRawRecoJobs/crab_projects/crab_WR_M-2400_ToLNu_M-800_RECO_MuMuJJ/inputs/debugFiles.tgz
DEBUG 2017-05-12 13:51:59,746: 	 Uploading archive /afs/cern.ch/user/a/aevans/public/wr/CMSSW_8_0_24_patch1/src/ExoAnalysis/cmsWRextension/scripts/crabDigiRawRecoJobs/crab_projects/crab_WR_M-2400_ToLNu_M-800_RECO_MuMuJJ/inputs/debugFiles.tgz (2 KB) to the CRAB cache. Using URI https://cmsweb.cern.ch/crabcache
DEBUG 2017-05-12 13:52:00,232: 	 Result uploading input files: 8c9a4059ee330c2bf31715f11db256cc5b89742d1cc2aedafc6a19748761f2cc.tar.gz 
INFO 2017-05-12 13:52:00,233: 	 Sending the request to the server
DEBUG 2017-05-12 13:52:00,233: 	 Submitting {'maxjobruntime': 1250, 'extrajdl': [], 'ignorelocality': 1, 'savelogsflag': 1, 'useparent': 0, 'asyncdest': 'T2_CH_CERN', 'algoargs': 1, 'cachefilename': '8c9a4059ee330c2bf31715f11db256cc5b89742d1cc2aedafc6a19748761f2cc.tar.gz', 'numcores': 1, 'addoutputfiles': [], 'generator': 'pythia', 'maxmemory': 2000, 'publishdbsurl': 'https://cmsweb.cern.ch/dbs/prod/phys03/DBSWriter', 'priority': 10, 'jobsw': 'CMSSW_8_0_24_patch1', 'edmoutfiles': ['WR_ToLNu_ToLLJJ_MNuUndef_2400_13TeV_NNUUMMPU_RAW_RECO.root'], 'userfiles': [], 'primarydataset': '', 'inputdata': '/WRToMuMuJJ_MW-2400_MNu-800_TuneCUETP8M1_13TeV-pythia8/gnegro-RunIIWinter16_80X_GEN-SIM-e2ba59231ce4b9003c4220129f010e56/USER', 'lfn': '/store/user/aevans/', 'dryrun': 0, 'workflow': 'crab_WR_M-2400_ToLNu_M-800_RECO_MuMuJJ', 'cacheurl': u'https://cmsweb.cern.ch/crabcache', 'nonprodsw': 0, 'tfileoutfiles': [], 'oneEventMode': 0, 'debugfilename': 'bea5e6b57b0da9c2167d27fdb2c2907c8f141181cc5df810319094dc5c199aac.tar.gz', 'saveoutput': 1, 'publication': 1, 'jobarch': 'slc6_amd64_gcc530', 'totalunits': -1, 'splitalgo': 'FileBased', 'ignoreglobalblacklist': 0, 'nonvaliddata': 0, 'dbsurl': 'https://cmsweb.cern.ch/dbs/prod/phys03/DBSReader', 'publishgroupname': 0, 'jobtype': 'Analysis', 'siteblacklist': ['T3_US_UCR', 'T2_US_Vanderbilt', 'T2_EE_Estonia', 'T3_US_UMiss'], 'publishname2': 'RunIIWinter16_80X_mcRun2_asymptotic_2016_miniAODv2_v1_AODSIM'} 
DEBUG 2017-05-12 13:52:00,233: 	 Encoded submit request: maxjobruntime=1250&ignorelocality=1&savelogsflag=1&useparent=0&asyncdest=T2_CH_CERN&algoargs=1&cachefilename=8c9a4059ee330c2bf31715f11db256cc5b89742d1cc2aedafc6a19748761f2cc.tar.gz&numcores=1&generator=pythia&maxmemory=2000&publishdbsurl=https%3A%2F%2Fcmsweb.cern.ch%2Fdbs%2Fprod%2Fphys03%2FDBSWriter&priority=10&jobsw=CMSSW_8_0_24_patch1&primarydataset=&inputdata=%2FWRToMuMuJJ_MW-2400_MNu-800_TuneCUETP8M1_13TeV-pythia8%2Fgnegro-RunIIWinter16_80X_GEN-SIM-e2ba59231ce4b9003c4220129f010e56%2FUSER&lfn=%2Fstore%2Fuser%2Faevans%2F&dryrun=0&workflow=crab_WR_M-2400_ToLNu_M-800_RECO_MuMuJJ&cacheurl=https%3A%2F%2Fcmsweb.cern.ch%2Fcrabcache&nonprodsw=0&oneEventMode=0&debugfilename=bea5e6b57b0da9c2167d27fdb2c2907c8f141181cc5df810319094dc5c199aac.tar.gz&saveoutput=1&publication=1&jobarch=slc6_amd64_gcc530&totalunits=-1&splitalgo=FileBased&ignoreglobalblacklist=0&nonvaliddata=0&dbsurl=https%3A%2F%2Fcmsweb.cern.ch%2Fdbs%2Fprod%2Fphys03%2FDBSReader&publishgroupname=0&jobtype=Analysis&publishname2=RunIIWinter16_80X_mcRun2_asymptotic_2016_miniAODv2_v1_AODSIM&siteblacklist=T3_US_UCR&siteblacklist=T2_US_Vanderbilt&siteblacklist=T2_EE_Estonia&siteblacklist=T3_US_UMiss&edmoutfiles=WR_ToLNu_ToLLJJ_MNuUndef_2400_13TeV_NNUUMMPU_RAW_RECO.root
DEBUG 2017-05-12 13:52:01,025: 	 Result: {u'result': [{u'RequestName': u'170512_115200:aevans_crab_WR_M-2400_ToLNu_M-800_RECO_MuMuJJ'}]}
INFO 2017-05-12 13:52:01,061: 	 Success: Your task has been delivered to the CRAB3 server.
INFO 2017-05-12 13:52:01,061: 	 Task name: 170512_115200:aevans_crab_WR_M-2400_ToLNu_M-800_RECO_MuMuJJ
INFO 2017-05-12 13:52:01,061: 	 Please use 'crab status' to check how the submission process proceeds.
DEBUG 2017-05-12 13:52:01,061: 	 About to return
INFO 2017-05-12 13:52:01,068: 	 Log file is /afs/cern.ch/user/a/aevans/public/wr/CMSSW_8_0_24_patch1/src/ExoAnalysis/cmsWRextension/scripts/crabDigiRawRecoJobs/crab_projects/crab_WR_M-2400_ToLNu_M-800_RECO_MuMuJJ/crab.log
