# Conditions read from  CMS_CONDITIONS  via FrontierProd 
DEBUG 2018-04-24 15:47:20,009: 	 Executing command: 'submit'
DEBUG 2018-04-24 15:47:20,009: 	 Found CRAB cache file /afs/cern.ch/user/a/aevans/.crab3
DEBUG 2018-04-24 15:47:20,030: 	 Checking credentials
DEBUG 2018-04-24 15:47:20,030: 	 Found proxy file /afs/cern.ch/work/a/aevans/public/proxyFile
DEBUG 2018-04-24 15:47:20,030: 	 Getting proxy life time left
DEBUG 2018-04-24 15:47:20,936: 	 Executing : 
 command : voms-proxy-info -file /afs/cern.ch/work/a/aevans/public/proxyFile -timeleft
 output : 691082

 error: 
 retcode : 0
DEBUG 2018-04-24 15:47:22,050: 	 Executing : 
 command : voms-proxy-info -file /afs/cern.ch/work/a/aevans/public/proxyFile -actimeleft
 output : 691080

 error: 
 retcode : 0
DEBUG 2018-04-24 15:47:22,050: 	 Proxy valid for 191:58:02 hours
INFO 2018-04-24 15:47:22,050: 	 Will use CRAB configuration file ./mass_ST_t-channel_top_4f_inclusiveDecays_TuneCUETP8M2T4_13TeV-powhegV2-madspin.py
DEBUG 2018-04-24 15:47:22,050: 	 Loading CRAB configuration file.
DEBUG 2018-04-24 15:47:22,055: 	 Will use CRAB Analysis plugin (i.e. will run an analysis job type).
DEBUG 2018-04-24 15:47:22,179: 	 Executing : 
 command : openssl x509 -in ~/.globus/usercert.pem -subject -noout
 output : subject= /DC=ch/DC=cern/OU=Organic Units/OU=Users/CN=aevans/CN=759769/CN=Andrew Christopher Evans

 error: 
 retcode : 0
DEBUG 2018-04-24 15:47:22,179: 	 Checking credentials
DEBUG 2018-04-24 15:47:22,179: 	 Found proxy file /afs/cern.ch/work/a/aevans/public/proxyFile
DEBUG 2018-04-24 15:47:22,179: 	 Getting proxy life time left
DEBUG 2018-04-24 15:47:23,187: 	 Executing : 
 command : voms-proxy-info -file /afs/cern.ch/work/a/aevans/public/proxyFile -timeleft
 output : 691079

 error: 
 retcode : 0
DEBUG 2018-04-24 15:47:23,892: 	 Executing : 
 command : voms-proxy-info -file /afs/cern.ch/work/a/aevans/public/proxyFile -actimeleft
 output : 691079

 error: 
 retcode : 0
DEBUG 2018-04-24 15:47:23,892: 	 Proxy valid for 191:57:59 hours
DEBUG 2018-04-24 15:47:24,599: 	 Executing : 
 command : env X509_USER_PROXY=/afs/cern.ch/work/a/aevans/public/proxyFile voms-proxy-info -fqan
 output : /cms/Role=NULL/Capability=NULL
/cms/uscms/Role=NULL/Capability=NULL

 error: 
 retcode : 0
DEBUG 2018-04-24 15:47:25,044: 	 Registering user credentials for server /DC=ch/DC=cern/OU=computers/CN=vocms(045|052|021|031|0118|0118a|0119|0108|0105|0109).cern.ch
DEBUG 2018-04-24 15:47:25,154: 	 Executing : 
 command : openssl x509 -in ~/.globus/usercert.pem -subject -noout
 output : subject= /DC=ch/DC=cern/OU=Organic Units/OU=Users/CN=aevans/CN=759769/CN=Andrew Christopher Evans

 error: 
 retcode : 0
DEBUG 2018-04-24 15:47:25,154: 	 Getting myproxy life time left for myproxy.cern.ch
DEBUG 2018-04-24 15:47:25,155: 	 Calculating hash of /DC=ch/DC=cern/OU=Organic Units/OU=Users/CN=aevans/CN=759769/CN=Andrew Christopher Evans_cmsweb.cern.ch for credential name
DEBUG 2018-04-24 15:47:25,560: 	 Executing : 
 command : myproxy-info -l 6e8b596a0ecb88668ea3603b5574bc53bcfde64c -s myproxy.cern.ch
 output : username: 6e8b596a0ecb88668ea3603b5574bc53bcfde64c
owner: /DC=ch/DC=cern/OU=Organic Units/OU=Users/CN=aevans/CN=759769/CN=Andrew Christopher Evans
  renewal policy: /DC=ch/DC=cern/OU=computers/CN=vocms(045|052|021|031|0118|0118a|0119|0108|0105|0109).cern.ch
  trusted retrieval policy: /DC=ch/DC=cern/OU=computers/CN=vocms(045|052|021|031|0118|0118a|0119|0108|0105|0109).cern.ch
  timeleft: 626:04:33  (26.1 days)

 error: 
 retcode : 0
DEBUG 2018-04-24 15:47:25,562: 	 Myproxy is valid: 2253873
DEBUG 2018-04-24 15:47:25,562: 	 Command use: submit
DEBUG 2018-04-24 15:47:25,562: 	 Options use: ['--config=./mass_ST_t-channel_top_4f_inclusiveDecays_TuneCUETP8M2T4_13TeV-powhegV2-madspin.py']
DEBUG 2018-04-24 15:47:26,021: 	 CRABClient version: 3.3.1804.patch1
DEBUG 2018-04-24 15:47:26,021: 	 Instance is prod
DEBUG 2018-04-24 15:47:26,021: 	 Server base url is cmsweb.cern.ch
DEBUG 2018-04-24 15:47:26,021: 	 Command url /crabserver/prod/workflow
DEBUG 2018-04-24 15:47:26,021: 	 Started submission
DEBUG 2018-04-24 15:47:26,021: 	 Working on /afs/cern.ch/user/a/aevans/public/wr/CMSSW_8_0_25/src/ExoAnalysis/cmsWRextensions/scripts/condor-umn/forAnalysisStep/crab_BoostedWRAnalysis_ST_t-channel_top_4f_inclusiveDecays_TuneCUETP8M2T4_13TeV-powhegV2-madspin
DEBUG 2018-04-24 15:47:26,867: 	 Loading required information from the environment
DEBUG 2018-04-24 15:47:26,867: 	 Found CMSSW_8_0_25 for slc6_amd64_gcc530 with base /afs/cern.ch/user/a/aevans/public/wr/CMSSW_8_0_25
DEBUG 2018-04-24 15:47:26,867: 	 Loading required information from the environment
DEBUG 2018-04-24 15:47:26,867: 	 Found CMSSW_8_0_25 for slc6_amd64_gcc530 with base /afs/cern.ch/user/a/aevans/public/wr/CMSSW_8_0_25
DEBUG 2018-04-24 15:47:26,898: 	 UNIQUE NAME: tarUUID 33eb6bd6-e568-44fd-9eb0-09e399f4b0ac 
DEBUG 2018-04-24 15:47:26,899: 	 self.config: from WMCore.Configuration import Configuration
config = Configuration()
config.section_('General')
config.General.transferLogs = True
config.General.requestName = 'BoostedWRAnalysis_ST_t-channel_top_4f_inclusiveDecays_TuneCUETP8M2T4_13TeV-powhegV2-madspin'
config.section_('JobType')
config.JobType.psetName = './background_ST_t-channel_top_4f_inclusiveDecays_TuneCUETP8M2T4_13TeV-powhegV2-madspin_WR_M-2400_LNu_M-240_cfg.py'
config.JobType.pluginName = 'Analysis'
config.section_('Data')
config.Data.inputDataset = '/ST_t-channel_top_4f_inclusiveDecays_TuneCUETP8M2T4_13TeV-powhegV2-madspin/RunIISummer16MiniAODv2-PUMoriond17_80X_mcRun2_asymptotic_2016_TrancheIV_v6-v1/MINIAODSIM'
config.Data.outputDatasetTag = 'CRAB3_BoostedWRAnalysis'
config.Data.publication = True
config.Data.splitting = 'Automatic'
config.Data.totalUnits = 10000000
config.section_('Site')
config.Site.storageSite = 'T2_CH_CERN'
config.section_('User')
config.section_('Debug')

DEBUG 2018-04-24 15:47:26,899: 	 self.config.JobType.psetName: ./background_ST_t-channel_top_4f_inclusiveDecays_TuneCUETP8M2T4_13TeV-powhegV2-madspin_WR_M-2400_LNu_M-240_cfg.py
INFO 2018-04-24 15:47:26,899: 	 Importing CMSSW configuration ./background_ST_t-channel_top_4f_inclusiveDecays_TuneCUETP8M2T4_13TeV-powhegV2-madspin_WR_M-2400_LNu_M-240_cfg.py
INFO 2018-04-24 15:47:28,256: 	 Finished importing CMSSW configuration ./background_ST_t-channel_top_4f_inclusiveDecays_TuneCUETP8M2T4_13TeV-powhegV2-madspin_WR_M-2400_LNu_M-240_cfg.py
DEBUG 2018-04-24 15:47:28,256: 	 Writing CMSSW configuration to /afs/cern.ch/user/a/aevans/public/wr/CMSSW_8_0_25/src/ExoAnalysis/cmsWRextensions/scripts/condor-umn/forAnalysisStep/crab_BoostedWRAnalysis_ST_t-channel_top_4f_inclusiveDecays_TuneCUETP8M2T4_13TeV-powhegV2-madspin/inputs/PSet.py
DEBUG 2018-04-24 15:47:28,391: 	 The following EDM output files will be collected: []
DEBUG 2018-04-24 15:47:28,391: 	 The following TFile output files will be collected: ['WR_MASSWR_ToLNu_MASSNU_Analysis_MuMuJJ.root']
DEBUG 2018-04-24 15:47:28,391: 	 The following user output files will be collected: []
DEBUG 2018-04-24 15:47:28,391: 	 Loading required information from the environment
DEBUG 2018-04-24 15:47:28,391: 	 Found CMSSW_8_0_25 for slc6_amd64_gcc530 with base /afs/cern.ch/user/a/aevans/public/wr/CMSSW_8_0_25
DEBUG 2018-04-24 15:47:28,391: 	 Making tarball in /afs/cern.ch/user/a/aevans/public/wr/CMSSW_8_0_25/src/ExoAnalysis/cmsWRextensions/scripts/condor-umn/forAnalysisStep/crab_BoostedWRAnalysis_ST_t-channel_top_4f_inclusiveDecays_TuneCUETP8M2T4_13TeV-powhegV2-madspin/inputs/33eb6bd6-e568-44fd-9eb0-09e399f4b0acdefault.tgz
DEBUG 2018-04-24 15:47:28,436: 	 Checking directory /afs/cern.ch/user/a/aevans/public/wr/CMSSW_8_0_25/lib
DEBUG 2018-04-24 15:47:28,436: 	 Adding directory /afs/cern.ch/user/a/aevans/public/wr/CMSSW_8_0_25/lib to tarball
DEBUG 2018-04-24 15:47:31,507: 	 Checking directory /afs/cern.ch/user/a/aevans/public/wr/CMSSW_8_0_25/biglib
DEBUG 2018-04-24 15:47:31,507: 	 Adding directory /afs/cern.ch/user/a/aevans/public/wr/CMSSW_8_0_25/biglib to tarball
DEBUG 2018-04-24 15:47:31,509: 	 Checking directory /afs/cern.ch/user/a/aevans/public/wr/CMSSW_8_0_25/module
DEBUG 2018-04-24 15:47:31,553: 	 Adding data directory /afs/cern.ch/user/a/aevans/public/wr/CMSSW_8_0_25/src/RecoMET/METFilters/data to tarball
DEBUG 2018-04-24 15:47:31,556: 	 Adding data directory /afs/cern.ch/user/a/aevans/public/wr/CMSSW_8_0_25/src/RecoMET/METFilters/interface to tarball
DEBUG 2018-04-24 15:47:31,819: 	 Adding data directory /afs/cern.ch/user/a/aevans/public/wr/CMSSW_8_0_25/src/ExoAnalysis/cmsWRextensions/interface to tarball
DEBUG 2018-04-24 15:47:31,828: 	 Adding data directory /afs/cern.ch/user/a/aevans/public/wr/CMSSW_8_0_25/src/ExoAnalysis/cmsWRextensions/samples/data to tarball
DEBUG 2018-04-24 15:47:32,033: 	 Adding data directory /afs/cern.ch/user/a/aevans/public/wr/CMSSW_8_0_25/src/PhysicsTools/PatAlgos/interface to tarball
DEBUG 2018-04-24 15:47:32,075: 	 Adding data directory /afs/cern.ch/user/a/aevans/public/wr/CMSSW_8_0_25/src/PhysicsTools/SelectorUtils/interface to tarball
DEBUG 2018-04-24 15:47:32,117: 	 Adding data directory /afs/cern.ch/user/a/aevans/public/wr/CMSSW_8_0_25/src/RecoEgamma/EgammaIsolationAlgos/interface to tarball
DEBUG 2018-04-24 15:47:32,140: 	 Adding data directory /afs/cern.ch/user/a/aevans/public/wr/CMSSW_8_0_25/src/RecoEgamma/ElectronIdentification/data to tarball
DEBUG 2018-04-24 15:47:32,149: 	 Adding data directory /afs/cern.ch/user/a/aevans/public/wr/CMSSW_8_0_25/src/RecoEgamma/ElectronIdentification/interface to tarball
DEBUG 2018-04-24 15:47:32,173: 	 Adding data directory /afs/cern.ch/user/a/aevans/public/wr/CMSSW_8_0_25/src/CommonTools/PileupAlgos/interface to tarball
DEBUG 2018-04-24 15:47:32,190: 	 Adding data directory /afs/cern.ch/user/a/aevans/public/wr/CMSSW_8_0_25/src/L1Trigger/L1TNtuples/interface to tarball
DEBUG 2018-04-24 15:47:32,370: 	 Uploading archive /afs/cern.ch/user/a/aevans/public/wr/CMSSW_8_0_25/src/ExoAnalysis/cmsWRextensions/scripts/condor-umn/forAnalysisStep/crab_BoostedWRAnalysis_ST_t-channel_top_4f_inclusiveDecays_TuneCUETP8M2T4_13TeV-powhegV2-madspin/inputs/33eb6bd6-e568-44fd-9eb0-09e399f4b0acdefault.tgz (4.101562.1 MB) to the CRAB cache. Using URI https://cmsweb.cern.ch/crabcache
DEBUG 2018-04-24 15:47:34,043: 	 Loading required information from the environment
DEBUG 2018-04-24 15:47:34,043: 	 Found CMSSW_8_0_25 for slc6_amd64_gcc530 with base /afs/cern.ch/user/a/aevans/public/wr/CMSSW_8_0_25
DEBUG 2018-04-24 15:47:34,044: 	 Making tarball in /afs/cern.ch/user/a/aevans/public/wr/CMSSW_8_0_25/src/ExoAnalysis/cmsWRextensions/scripts/condor-umn/forAnalysisStep/crab_BoostedWRAnalysis_ST_t-channel_top_4f_inclusiveDecays_TuneCUETP8M2T4_13TeV-powhegV2-madspin/inputs/debugFiles.tgz
DEBUG 2018-04-24 15:47:34,047: 	 Uploading archive /afs/cern.ch/user/a/aevans/public/wr/CMSSW_8_0_25/src/ExoAnalysis/cmsWRextensions/scripts/condor-umn/forAnalysisStep/crab_BoostedWRAnalysis_ST_t-channel_top_4f_inclusiveDecays_TuneCUETP8M2T4_13TeV-powhegV2-madspin/inputs/debugFiles.tgz (1 KB) to the CRAB cache. Using URI https://cmsweb.cern.ch/crabcache
DEBUG 2018-04-24 15:47:34,428: 	 Result uploading input files: e9e1c683adb9a2595e852d09fd9c24d8888b3fd699c6c7962bf4e47f180ab0a1.tar.gz 
WARNING 2018-04-24 15:47:34,428: 	 Warning: The following output files will not be published, as they are not EDM files: ['WR_MASSWR_ToLNu_MASSNU_Analysis_MuMuJJ.root']
INFO 2018-04-24 15:47:34,428: 	 Sending the request to the server
DEBUG 2018-04-24 15:47:34,429: 	 Submitting {'maxjobruntime': 1250, 'extrajdl': [], 'ignorelocality': 0, 'savelogsflag': 1, 'useparent': 0, 'asyncdest': 'T2_CH_CERN', 'algoargs': 480, 'cachefilename': 'e9e1c683adb9a2595e852d09fd9c24d8888b3fd699c6c7962bf4e47f180ab0a1.tar.gz', 'numcores': 1, 'addoutputfiles': [], 'generator': 'pythia', 'maxmemory': 2000, 'publishdbsurl': 'https://cmsweb.cern.ch/dbs/prod/phys03/DBSWriter', 'priority': 10, 'jobsw': 'CMSSW_8_0_25', 'edmoutfiles': [], 'userfiles': [], 'primarydataset': '', 'inputdata': '/ST_t-channel_top_4f_inclusiveDecays_TuneCUETP8M2T4_13TeV-powhegV2-madspin/RunIISummer16MiniAODv2-PUMoriond17_80X_mcRun2_asymptotic_2016_TrancheIV_v6-v1/MINIAODSIM', 'dryrun': 0, 'workflow': 'crab_BoostedWRAnalysis_ST_t-channel_top_4f_inclusiveDecays_TuneCUETP8M2T4_13TeV-powhegV2-madspin', 'cacheurl': u'https://cmsweb.cern.ch/crabcache', 'nonprodsw': 0, 'tfileoutfiles': ['WR_MASSWR_ToLNu_MASSNU_Analysis_MuMuJJ.root'], 'oneEventMode': 0, 'debugfilename': '7f223a5586cf482a8ab6c68c67bb1df197877ab8864e2f1ed07c834f929763b3.tar.gz', 'saveoutput': 1, 'publication': 1, 'jobarch': 'slc6_amd64_gcc530', 'totalunits': 10000000, 'splitalgo': 'Automatic', 'ignoreglobalblacklist': 0, 'nonvaliddata': 0, 'dbsurl': 'https://cmsweb.cern.ch/dbs/prod/global/DBSReader', 'publishgroupname': 0, 'jobtype': 'Analysis', 'publishname2': 'CRAB3_BoostedWRAnalysis'} 
DEBUG 2018-04-24 15:47:34,429: 	 Encoded submit request: maxjobruntime=1250&ignorelocality=0&savelogsflag=1&useparent=0&asyncdest=T2_CH_CERN&algoargs=480&cachefilename=e9e1c683adb9a2595e852d09fd9c24d8888b3fd699c6c7962bf4e47f180ab0a1.tar.gz&numcores=1&generator=pythia&maxmemory=2000&publishdbsurl=https%3A%2F%2Fcmsweb.cern.ch%2Fdbs%2Fprod%2Fphys03%2FDBSWriter&priority=10&jobsw=CMSSW_8_0_25&primarydataset=&inputdata=%2FST_t-channel_top_4f_inclusiveDecays_TuneCUETP8M2T4_13TeV-powhegV2-madspin%2FRunIISummer16MiniAODv2-PUMoriond17_80X_mcRun2_asymptotic_2016_TrancheIV_v6-v1%2FMINIAODSIM&dryrun=0&workflow=crab_BoostedWRAnalysis_ST_t-channel_top_4f_inclusiveDecays_TuneCUETP8M2T4_13TeV-powhegV2-madspin&cacheurl=https%3A%2F%2Fcmsweb.cern.ch%2Fcrabcache&nonprodsw=0&oneEventMode=0&debugfilename=7f223a5586cf482a8ab6c68c67bb1df197877ab8864e2f1ed07c834f929763b3.tar.gz&saveoutput=1&publication=1&jobarch=slc6_amd64_gcc530&totalunits=10000000&splitalgo=Automatic&ignoreglobalblacklist=0&nonvaliddata=0&dbsurl=https%3A%2F%2Fcmsweb.cern.ch%2Fdbs%2Fprod%2Fglobal%2FDBSReader&publishgroupname=0&jobtype=Analysis&publishname2=CRAB3_BoostedWRAnalysis&tfileoutfiles=WR_MASSWR_ToLNu_MASSNU_Analysis_MuMuJJ.root
DEBUG 2018-04-24 15:47:35,069: 	 Result: {u'result': [{u'RequestName': u'180424_134734:aevans_crab_BoostedWRAnalysis_ST_t-channel_top_4f_inclusiveDecays_TuneCUETP8M2T4_13TeV-powhegV2-madspin'}]}
INFO 2018-04-24 15:47:35,072: 	 Success: Your task has been delivered to the CRAB3 server.
INFO 2018-04-24 15:47:35,072: 	 Task name: 180424_134734:aevans_crab_BoostedWRAnalysis_ST_t-channel_top_4f_inclusiveDecays_TuneCUETP8M2T4_13TeV-powhegV2-madspin
INFO 2018-04-24 15:47:35,072: 	 Please use 'crab status' to check how the submission process proceeds.
DEBUG 2018-04-24 15:47:35,072: 	 About to return
INFO 2018-04-24 15:47:35,076: 	 Log file is /afs/cern.ch/user/a/aevans/public/wr/CMSSW_8_0_25/src/ExoAnalysis/cmsWRextensions/scripts/condor-umn/forAnalysisStep/crab_BoostedWRAnalysis_ST_t-channel_top_4f_inclusiveDecays_TuneCUETP8M2T4_13TeV-powhegV2-madspin/crab.log
